# JRE version: Java(TM) SE Runtime Environment (15.0.2+7) (build 15.0.2+7-27)
# Java VM: Java HotSpot(TM) 64-Bit Server VM (15.0.2+7-27, mixed mode, sharing, tiered, compressed oops, g1 gc, windows-amd64)
GC Precious Log:
 CPUs: 16 total, 16 available
 Memory: 14181M
 Large Page Support: Disabled
 NUMA Support: Disabled
 Compressed Oops: Enabled (Zero based)
 Heap Region Size: 2M
 Heap Min Capacity: 8M
 Heap Initial Capacity: 222M
 Heap Max Capacity: 3546M
 Pre-touch: Disabled
 Parallel Workers: 13
 Concurrent Workers: 3
 Concurrent Refinement Workers: 13
 Periodic GC: Disabled
Heap:
 garbage-first heap   total 129024K, used 51082K [0x0000000722600000, 0x0000000800000000)
  region size 2048K, 4 young (8192K), 1 survivors (2048K)
 Metaspace       used 27850K, capacity 28182K, committed 28544K, reserved 1075200K
  class space    used 2997K, capacity 3079K, committed 3200K, reserved 1048576K
GC Heap History (20 events):
Event: 3.247 GC heap before
{Heap before GC invocations=10 (full 0):
 garbage-first heap   total 71680K, used 45671K [0x0000000722600000, 0x0000000800000000)
  region size 2048K, 3 young (6144K), 1 survivors (2048K)
 Metaspace       used 23941K, capacity 24220K, committed 24448K, reserved 1071104K
  class space    used 2830K, capacity 2931K, committed 2944K, reserved 1048576K
}
Event: 3.249 GC heap after
{Heap after GC invocations=11 (full 0):
 garbage-first heap   total 71680K, used 45858K [0x0000000722600000, 0x0000000800000000)
  region size 2048K, 1 young (2048K), 1 survivors (2048K)
 Metaspace       used 23941K, capacity 24220K, committed 24448K, reserved 1071104K
  class space    used 2830K, capacity 2931K, committed 2944K, reserved 1048576K
}
Event: 3.384 GC heap before
{Heap before GC invocations=12 (full 0):
 garbage-first heap   total 81920K, used 47906K [0x0000000722600000, 0x0000000800000000)
  region size 2048K, 2 young (4096K), 1 survivors (2048K)
 Metaspace       used 24024K, capacity 24284K, committed 24448K, reserved 1071104K
  class space    used 2835K, capacity 2931K, committed 2944K, reserved 1048576K
}
Event: 3.386 GC heap after
{Heap after GC invocations=13 (full 0):
 garbage-first heap   total 81920K, used 48342K [0x0000000722600000, 0x0000000800000000)
  region size 2048K, 1 young (2048K), 1 survivors (2048K)
 Metaspace       used 24024K, capacity 24284K, committed 24448K, reserved 1071104K
  class space    used 2835K, capacity 2931K, committed 2944K, reserved 1048576K
}
Event: 3.405 GC heap before
{Heap before GC invocations=13 (full 0):
 garbage-first heap   total 81920K, used 54486K [0x0000000722600000, 0x0000000800000000)
  region size 2048K, 4 young (8192K), 1 survivors (2048K)
 Metaspace       used 24024K, capacity 24284K, committed 24448K, reserved 1071104K
  class space    used 2835K, capacity 2931K, committed 2944K, reserved 1048576K
}
Event: 3.409 GC heap after
{Heap after GC invocations=14 (full 0):
 garbage-first heap   total 81920K, used 54571K [0x0000000722600000, 0x0000000800000000)
  region size 2048K, 1 young (2048K), 1 survivors (2048K)
 Metaspace       used 24024K, capacity 24284K, committed 24448K, reserved 1071104K
  class space    used 2835K, capacity 2931K, committed 2944K, reserved 1048576K
}
Event: 3.410 GC heap before
{Heap before GC invocations=14 (full 0):
 garbage-first heap   total 81920K, used 56619K [0x0000000722600000, 0x0000000800000000)
  region size 2048K, 2 young (4096K), 1 survivors (2048K)
 Metaspace       used 24024K, capacity 24284K, committed 24448K, reserved 1071104K
  class space    used 2835K, capacity 2931K, committed 2944K, reserved 1048576K
}
Event: 3.412 GC heap after
{Heap after GC invocations=15 (full 0):
 garbage-first heap   total 98304K, used 57126K [0x0000000722600000, 0x0000000800000000)
  region size 2048K, 1 young (2048K), 1 survivors (2048K)
 Metaspace       used 24024K, capacity 24284K, committed 24448K, reserved 1071104K
  class space    used 2835K, capacity 2931K, committed 2944K, reserved 1048576K
}
Event: 3.414 GC heap before
{Heap before GC invocations=15 (full 0):
 garbage-first heap   total 98304K, used 63270K [0x0000000722600000, 0x0000000800000000)
  region size 2048K, 4 young (8192K), 1 survivors (2048K)
 Metaspace       used 24024K, capacity 24284K, committed 24448K, reserved 1071104K
  class space    used 2835K, capacity 2931K, committed 2944K, reserved 1048576K
}
Event: 3.417 GC heap after
{Heap after GC invocations=16 (full 0):
 garbage-first heap   total 98304K, used 63431K [0x0000000722600000, 0x0000000800000000)
  region size 2048K, 1 young (2048K), 1 survivors (2048K)
 Metaspace       used 24024K, capacity 24284K, committed 24448K, reserved 1071104K
  class space    used 2835K, capacity 2931K, committed 2944K, reserved 1048576K
}
Event: 3.418 GC heap before
{Heap before GC invocations=16 (full 0):
 garbage-first heap   total 98304K, used 67527K [0x0000000722600000, 0x0000000800000000)
  region size 2048K, 3 young (6144K), 1 survivors (2048K)
 Metaspace       used 24024K, capacity 24284K, committed 24448K, reserved 1071104K
  class space    used 2835K, capacity 2931K, committed 2944K, reserved 1048576K
}
Event: 3.420 GC heap after
{Heap after GC invocations=17 (full 0):
 garbage-first heap   total 98304K, used 68176K [0x0000000722600000, 0x0000000800000000)
  region size 2048K, 1 young (2048K), 1 survivors (2048K)
 Metaspace       used 24024K, capacity 24284K, committed 24448K, reserved 1071104K
  class space    used 2835K, capacity 2931K, committed 2944K, reserved 1048576K
}
Event: 3.422 GC heap before
{Heap before GC invocations=17 (full 0):
 garbage-first heap   total 98304K, used 72272K [0x0000000722600000, 0x0000000800000000)
  region size 2048K, 3 young (6144K), 1 survivors (2048K)
 Metaspace       used 24024K, capacity 24284K, committed 24448K, reserved 1071104K
  class space    used 2835K, capacity 2931K, committed 2944K, reserved 1048576K
}
Event: 3.424 GC heap after
{Heap after GC invocations=18 (full 0):
 garbage-first heap   total 98304K, used 72689K [0x0000000722600000, 0x0000000800000000)
  region size 2048K, 1 young (2048K), 1 survivors (2048K)
 Metaspace       used 24024K, capacity 24284K, committed 24448K, reserved 1071104K
  class space    used 2835K, capacity 2931K, committed 2944K, reserved 1048576K
}
Event: 3.709 GC heap before
{Heap before GC invocations=19 (full 0):
 garbage-first heap   total 102400K, used 60401K [0x0000000722600000, 0x0000000800000000)
  region size 2048K, 3 young (6144K), 1 survivors (2048K)
 Metaspace       used 24024K, capacity 24284K, committed 24448K, reserved 1071104K
  class space    used 2835K, capacity 2931K, committed 2944K, reserved 1048576K
}
Event: 3.712 GC heap after
{Heap after GC invocations=20 (full 0):
 garbage-first heap   total 129024K, used 60704K [0x0000000722600000, 0x0000000800000000)
  region size 2048K, 1 young (2048K), 1 survivors (2048K)
 Metaspace       used 24024K, capacity 24284K, committed 24448K, reserved 1071104K
  class space    used 2835K, capacity 2931K, committed 2944K, reserved 1048576K
}
Event: 3.733 GC heap before
{Heap before GC invocations=20 (full 0):
 garbage-first heap   total 129024K, used 64800K [0x0000000722600000, 0x0000000800000000)
  region size 2048K, 3 young (6144K), 1 survivors (2048K)
 Metaspace       used 24024K, capacity 24284K, committed 24448K, reserved 1071104K
  class space    used 2835K, capacity 2931K, committed 2944K, reserved 1048576K
}
Event: 3.735 GC heap after
{Heap after GC invocations=21 (full 0):
 garbage-first heap   total 129024K, used 51278K [0x0000000722600000, 0x0000000800000000)
  region size 2048K, 1 young (2048K), 1 survivors (2048K)
 Metaspace       used 24024K, capacity 24284K, committed 24448K, reserved 1071104K
  class space    used 2835K, capacity 2931K, committed 2944K, reserved 1048576K
}
Event: 3.944 GC heap before
{Heap before GC invocations=21 (full 0):
 garbage-first heap   total 129024K, used 53326K [0x0000000722600000, 0x0000000800000000)
  region size 2048K, 3 young (6144K), 1 survivors (2048K)
 Metaspace       used 25891K, capacity 26239K, committed 26368K, reserved 1073152K
  class space    used 2918K, capacity 3028K, committed 3072K, reserved 1048576K
}
Event: 3.948 GC heap after
{Heap after GC invocations=22 (full 0):
 garbage-first heap   total 129024K, used 46986K [0x0000000722600000, 0x0000000800000000)
  region size 2048K, 1 young (2048K), 1 survivors (2048K)
 Metaspace       used 25891K, capacity 26239K, committed 26368K, reserved 1073152K
  class space    used 2918K, capacity 3028K, committed 3072K, reserved 1048576K
}

