# JRE version: Java(TM) SE Runtime Environment (15.0.2+7) (build 15.0.2+7-27)
# Java VM: Java HotSpot(TM) 64-Bit Server VM (15.0.2+7-27, mixed mode, sharing, tiered, compressed oops, g1 gc, windows-amd64)
GC Precious Log:
 CPUs: 16 total, 16 available
 Memory: 32689M
 Large Page Support: Disabled
 NUMA Support: Disabled
 Compressed Oops: Enabled (Zero based)
 Heap Region Size: 4M
 Heap Min Capacity: 8M
 Heap Initial Capacity: 512M
 Heap Max Capacity: 8176M
 Pre-touch: Disabled
 Parallel Workers: 13
 Concurrent Workers: 3
 Concurrent Refinement Workers: 13
 Periodic GC: Disabled
Heap:
 garbage-first heap   total 151552K, used 69799K [0x0000000601000000, 0x0000000800000000)
  region size 4096K, 4 young (16384K), 1 survivors (4096K)
 Metaspace       used 25734K, capacity 25987K, committed 26368K, reserved 1073152K
  class space    used 2907K, capacity 2964K, committed 3072K, reserved 1048576K
GC Heap History (20 events):
Event: 1.837 GC heap before
{Heap before GC invocations=5 (full 0):
 garbage-first heap   total 45056K, used 21882K [0x0000000601000000, 0x0000000800000000)
  region size 4096K, 2 young (8192K), 1 survivors (4096K)
 Metaspace       used 23814K, capacity 24096K, committed 24192K, reserved 1071104K
  class space    used 2828K, capacity 2931K, committed 2944K, reserved 1048576K
}
Event: 1.839 GC heap after
{Heap after GC invocations=6 (full 0):
 garbage-first heap   total 45056K, used 22960K [0x0000000601000000, 0x0000000800000000)
  region size 4096K, 1 young (4096K), 1 survivors (4096K)
 Metaspace       used 23814K, capacity 24096K, committed 24192K, reserved 1071104K
  class space    used 2828K, capacity 2931K, committed 2944K, reserved 1048576K
}
Event: 1.840 GC heap before
{Heap before GC invocations=6 (full 0):
 garbage-first heap   total 45056K, used 27056K [0x0000000601000000, 0x0000000800000000)
  region size 4096K, 2 young (8192K), 1 survivors (4096K)
 Metaspace       used 23814K, capacity 24096K, committed 24192K, reserved 1071104K
  class space    used 2828K, capacity 2931K, committed 2944K, reserved 1048576K
}
Event: 1.841 GC heap after
{Heap after GC invocations=7 (full 0):
 garbage-first heap   total 45056K, used 27490K [0x0000000601000000, 0x0000000800000000)
  region size 4096K, 1 young (4096K), 1 survivors (4096K)
 Metaspace       used 23814K, capacity 24096K, committed 24192K, reserved 1071104K
  class space    used 2828K, capacity 2931K, committed 2944K, reserved 1048576K
}
Event: 1.842 GC heap before
{Heap before GC invocations=7 (full 0):
 garbage-first heap   total 45056K, used 31586K [0x0000000601000000, 0x0000000800000000)
  region size 4096K, 2 young (8192K), 1 survivors (4096K)
 Metaspace       used 23814K, capacity 24096K, committed 24192K, reserved 1071104K
  class space    used 2828K, capacity 2931K, committed 2944K, reserved 1048576K
}
Event: 1.843 GC heap after
{Heap after GC invocations=8 (full 0):
 garbage-first heap   total 45056K, used 31918K [0x0000000601000000, 0x0000000800000000)
  region size 4096K, 1 young (4096K), 1 survivors (4096K)
 Metaspace       used 23814K, capacity 24096K, committed 24192K, reserved 1071104K
  class space    used 2828K, capacity 2931K, committed 2944K, reserved 1048576K
}
Event: 1.845 GC heap before
{Heap before GC invocations=8 (full 0):
 garbage-first heap   total 45056K, used 36014K [0x0000000601000000, 0x0000000800000000)
  region size 4096K, 2 young (8192K), 1 survivors (4096K)
 Metaspace       used 23814K, capacity 24096K, committed 24192K, reserved 1071104K
  class space    used 2828K, capacity 2931K, committed 2944K, reserved 1048576K
}
Event: 1.846 GC heap after
{Heap after GC invocations=9 (full 0):
 garbage-first heap   total 49152K, used 36632K [0x0000000601000000, 0x0000000800000000)
  region size 4096K, 1 young (4096K), 1 survivors (4096K)
 Metaspace       used 23814K, capacity 24096K, committed 24192K, reserved 1071104K
  class space    used 2828K, capacity 2931K, committed 2944K, reserved 1048576K
}
Event: 2.134 GC heap before
{Heap before GC invocations=10 (full 0):
 garbage-first heap   total 77824K, used 40728K [0x0000000601000000, 0x0000000800000000)
  region size 4096K, 2 young (8192K), 1 survivors (4096K)
 Metaspace       used 23844K, capacity 24160K, committed 24448K, reserved 1071104K
  class space    used 2829K, capacity 2931K, committed 2944K, reserved 1048576K
}
Event: 2.135 GC heap after
{Heap after GC invocations=11 (full 0):
 garbage-first heap   total 77824K, used 41283K [0x0000000601000000, 0x0000000800000000)
  region size 4096K, 1 young (4096K), 1 survivors (4096K)
 Metaspace       used 23844K, capacity 24160K, committed 24448K, reserved 1071104K
  class space    used 2829K, capacity 2931K, committed 2944K, reserved 1048576K
}
Event: 2.241 GC heap before
{Heap before GC invocations=11 (full 0):
 garbage-first heap   total 77824K, used 45379K [0x0000000601000000, 0x0000000800000000)
  region size 4096K, 2 young (8192K), 1 survivors (4096K)
 Metaspace       used 23926K, capacity 24224K, committed 24448K, reserved 1071104K
  class space    used 2835K, capacity 2931K, committed 2944K, reserved 1048576K
}
Event: 2.242 GC heap after
{Heap after GC invocations=12 (full 0):
 garbage-first heap   total 77824K, used 39755K [0x0000000601000000, 0x0000000800000000)
  region size 4096K, 1 young (4096K), 1 survivors (4096K)
 Metaspace       used 23926K, capacity 24224K, committed 24448K, reserved 1071104K
  class space    used 2835K, capacity 2931K, committed 2944K, reserved 1048576K
}
Event: 2.242 GC heap before
{Heap before GC invocations=12 (full 0):
 garbage-first heap   total 77824K, used 43851K [0x0000000601000000, 0x0000000800000000)
  region size 4096K, 2 young (8192K), 1 survivors (4096K)
 Metaspace       used 23926K, capacity 24224K, committed 24448K, reserved 1071104K
  class space    used 2835K, capacity 2931K, committed 2944K, reserved 1048576K
}
Event: 2.244 GC heap after
{Heap after GC invocations=13 (full 0):
 garbage-first heap   total 77824K, used 43556K [0x0000000601000000, 0x0000000800000000)
  region size 4096K, 1 young (4096K), 1 survivors (4096K)
 Metaspace       used 23926K, capacity 24224K, committed 24448K, reserved 1071104K
  class space    used 2835K, capacity 2931K, committed 2944K, reserved 1048576K
}
Event: 2.245 GC heap before
{Heap before GC invocations=13 (full 0):
 garbage-first heap   total 77824K, used 47652K [0x0000000601000000, 0x0000000800000000)
  region size 4096K, 2 young (8192K), 1 survivors (4096K)
 Metaspace       used 23926K, capacity 24224K, committed 24448K, reserved 1071104K
  class space    used 2835K, capacity 2931K, committed 2944K, reserved 1048576K
}
Event: 2.247 GC heap after
{Heap after GC invocations=14 (full 0):
 garbage-first heap   total 303104K, used 47902K [0x0000000601000000, 0x0000000800000000)
  region size 4096K, 1 young (4096K), 1 survivors (4096K)
 Metaspace       used 23926K, capacity 24224K, committed 24448K, reserved 1071104K
  class space    used 2835K, capacity 2931K, committed 2944K, reserved 1048576K
}
Event: 2.961 GC heap before
{Heap before GC invocations=15 (full 0):
 garbage-first heap   total 151552K, used 109342K [0x0000000601000000, 0x0000000800000000)
  region size 4096K, 20 young (81920K), 1 survivors (4096K)
 Metaspace       used 25726K, capacity 25987K, committed 26368K, reserved 1073152K
  class space    used 2906K, capacity 2964K, committed 3072K, reserved 1048576K
}
Event: 2.968 GC heap after
{Heap after GC invocations=16 (full 0):
 garbage-first heap   total 151552K, used 67422K [0x0000000601000000, 0x0000000800000000)
  region size 4096K, 3 young (12288K), 3 survivors (12288K)
 Metaspace       used 25726K, capacity 25987K, committed 26368K, reserved 1073152K
  class space    used 2906K, capacity 2964K, committed 3072K, reserved 1048576K
}
Event: 2.968 GC heap before
{Heap before GC invocations=16 (full 0):
 garbage-first heap   total 151552K, used 71518K [0x0000000601000000, 0x0000000800000000)
  region size 4096K, 4 young (16384K), 3 survivors (12288K)
 Metaspace       used 25726K, capacity 25987K, committed 26368K, reserved 1073152K
  class space    used 2906K, capacity 2964K, committed 3072K, reserved 1048576K
}
Event: 2.971 GC heap after
{Heap after GC invocations=17 (full 0):
 garbage-first heap   total 151552K, used 61607K [0x0000000601000000, 0x0000000800000000)
  region size 4096K, 1 young (4096K), 1 survivors (4096K)
 Metaspace       used 25726K, capacity 25987K, committed 26368K, reserved 1073152K
  class space    used 2906K, capacity 2964K, committed 3072K, reserved 1048576K
}

