# JRE version: Java(TM) SE Runtime Environment (15.0.2+7) (build 15.0.2+7-27)
# Java VM: Java HotSpot(TM) 64-Bit Server VM (15.0.2+7-27, mixed mode, sharing, tiered, compressed oops, g1 gc, windows-amd64)
GC Precious Log:
 CPUs: 16 total, 16 available
 Memory: 14181M
 Large Page Support: Disabled
 NUMA Support: Disabled
 Compressed Oops: Enabled (Zero based)
 Heap Region Size: 2M
 Heap Min Capacity: 8M
 Heap Initial Capacity: 222M
 Heap Max Capacity: 3546M
 Pre-touch: Disabled
 Parallel Workers: 13
 Concurrent Workers: 3
 Concurrent Refinement Workers: 13
 Periodic GC: Disabled
Heap:
 garbage-first heap   total 159744K, used 76992K [0x0000000722600000, 0x0000000800000000)
  region size 2048K, 8 young (16384K), 2 survivors (4096K)
 Metaspace       used 27745K, capacity 28042K, committed 28288K, reserved 1075200K
  class space    used 2994K, capacity 3079K, committed 3200K, reserved 1048576K
GC Heap History (20 events):
Event: 3.938 GC heap before
{Heap before GC invocations=17 (full 0):
 garbage-first heap   total 79872K, used 67845K [0x0000000722600000, 0x0000000800000000)
  region size 2048K, 3 young (6144K), 1 survivors (2048K)
 Metaspace       used 24029K, capacity 24272K, committed 24448K, reserved 1071104K
  class space    used 2835K, capacity 2931K, committed 2944K, reserved 1048576K
}
Event: 3.940 GC heap after
{Heap after GC invocations=18 (full 0):
 garbage-first heap   total 79872K, used 68103K [0x0000000722600000, 0x0000000800000000)
  region size 2048K, 1 young (2048K), 1 survivors (2048K)
 Metaspace       used 24029K, capacity 24272K, committed 24448K, reserved 1071104K
  class space    used 2835K, capacity 2931K, committed 2944K, reserved 1048576K
}
Event: 3.941 GC heap before
{Heap before GC invocations=18 (full 0):
 garbage-first heap   total 79872K, used 72199K [0x0000000722600000, 0x0000000800000000)
  region size 2048K, 3 young (6144K), 1 survivors (2048K)
 Metaspace       used 24029K, capacity 24272K, committed 24448K, reserved 1071104K
  class space    used 2835K, capacity 2931K, committed 2944K, reserved 1048576K
}
Event: 3.943 GC heap after
{Heap after GC invocations=19 (full 0):
 garbage-first heap   total 96256K, used 72465K [0x0000000722600000, 0x0000000800000000)
  region size 2048K, 1 young (2048K), 1 survivors (2048K)
 Metaspace       used 24029K, capacity 24272K, committed 24448K, reserved 1071104K
  class space    used 2835K, capacity 2931K, committed 2944K, reserved 1048576K
}
Event: 4.309 GC heap before
{Heap before GC invocations=20 (full 0):
 garbage-first heap   total 96256K, used 56081K [0x0000000722600000, 0x0000000800000000)
  region size 2048K, 3 young (6144K), 1 survivors (2048K)
 Metaspace       used 24030K, capacity 24336K, committed 24448K, reserved 1071104K
  class space    used 2835K, capacity 2931K, committed 2944K, reserved 1048576K
}
Event: 4.311 GC heap after
{Heap after GC invocations=21 (full 0):
 garbage-first heap   total 96256K, used 56216K [0x0000000722600000, 0x0000000800000000)
  region size 2048K, 1 young (2048K), 1 survivors (2048K)
 Metaspace       used 24030K, capacity 24336K, committed 24448K, reserved 1071104K
  class space    used 2835K, capacity 2931K, committed 2944K, reserved 1048576K
}
Event: 4.462 GC heap before
{Heap before GC invocations=21 (full 0):
 garbage-first heap   total 96256K, used 58264K [0x0000000722600000, 0x0000000800000000)
  region size 2048K, 3 young (6144K), 1 survivors (2048K)
 Metaspace       used 25080K, capacity 25392K, committed 25600K, reserved 1071104K
  class space    used 2865K, capacity 2963K, committed 3072K, reserved 1048576K
}
Event: 4.464 GC heap after
{Heap after GC invocations=22 (full 0):
 garbage-first heap   total 96256K, used 45797K [0x0000000722600000, 0x0000000800000000)
  region size 2048K, 1 young (2048K), 1 survivors (2048K)
 Metaspace       used 25080K, capacity 25392K, committed 25600K, reserved 1071104K
  class space    used 2865K, capacity 2963K, committed 3072K, reserved 1048576K
}
Event: 4.538 GC heap before
{Heap before GC invocations=22 (full 0):
 garbage-first heap   total 96256K, used 56037K [0x0000000722600000, 0x0000000800000000)
  region size 2048K, 6 young (12288K), 1 survivors (2048K)
 Metaspace       used 25860K, capacity 26163K, committed 26368K, reserved 1073152K
  class space    used 2918K, capacity 3028K, committed 3072K, reserved 1048576K
}
Event: 4.541 GC heap after
{Heap after GC invocations=23 (full 0):
 garbage-first heap   total 96256K, used 54710K [0x0000000722600000, 0x0000000800000000)
  region size 2048K, 1 young (2048K), 1 survivors (2048K)
 Metaspace       used 25860K, capacity 26163K, committed 26368K, reserved 1073152K
  class space    used 2918K, capacity 3028K, committed 3072K, reserved 1048576K
}
Event: 4.549 GC heap before
{Heap before GC invocations=23 (full 0):
 garbage-first heap   total 96256K, used 60854K [0x0000000722600000, 0x0000000800000000)
  region size 2048K, 4 young (8192K), 1 survivors (2048K)
 Metaspace       used 25860K, capacity 26163K, committed 26368K, reserved 1073152K
  class space    used 2918K, capacity 3028K, committed 3072K, reserved 1048576K
}
Event: 4.552 GC heap after
{Heap after GC invocations=24 (full 0):
 garbage-first heap   total 116736K, used 61164K [0x0000000722600000, 0x0000000800000000)
  region size 2048K, 1 young (2048K), 1 survivors (2048K)
 Metaspace       used 25860K, capacity 26163K, committed 26368K, reserved 1073152K
  class space    used 2918K, capacity 3028K, committed 3072K, reserved 1048576K
}
Event: 4.557 GC heap before
{Heap before GC invocations=24 (full 0):
 garbage-first heap   total 116736K, used 42732K [0x0000000722600000, 0x0000000800000000)
  region size 2048K, 6 young (12288K), 1 survivors (2048K)
 Metaspace       used 25860K, capacity 26163K, committed 26368K, reserved 1073152K
  class space    used 2918K, capacity 3028K, committed 3072K, reserved 1048576K
}
Event: 4.560 GC heap after
{Heap after GC invocations=25 (full 0):
 garbage-first heap   total 116736K, used 43170K [0x0000000722600000, 0x0000000800000000)
  region size 2048K, 1 young (2048K), 1 survivors (2048K)
 Metaspace       used 25860K, capacity 26163K, committed 26368K, reserved 1073152K
  class space    used 2918K, capacity 3028K, committed 3072K, reserved 1048576K
}
Event: 4.966 GC heap before
{Heap before GC invocations=26 (full 0):
 garbage-first heap   total 116736K, used 59554K [0x0000000722600000, 0x0000000800000000)
  region size 2048K, 9 young (18432K), 1 survivors (2048K)
 Metaspace       used 25862K, capacity 26163K, committed 26368K, reserved 1073152K
  class space    used 2918K, capacity 3028K, committed 3072K, reserved 1048576K
}
Event: 4.969 GC heap after
{Heap after GC invocations=27 (full 0):
 garbage-first heap   total 116736K, used 54252K [0x0000000722600000, 0x0000000800000000)
  region size 2048K, 2 young (4096K), 2 survivors (4096K)
 Metaspace       used 25862K, capacity 26163K, committed 26368K, reserved 1073152K
  class space    used 2918K, capacity 3028K, committed 3072K, reserved 1048576K
}
Event: 4.970 GC heap before
{Heap before GC invocations=27 (full 0):
 garbage-first heap   total 116736K, used 56300K [0x0000000722600000, 0x0000000800000000)
  region size 2048K, 3 young (6144K), 2 survivors (4096K)
 Metaspace       used 25862K, capacity 26163K, committed 26368K, reserved 1073152K
  class space    used 2918K, capacity 3028K, committed 3072K, reserved 1048576K
}
Event: 4.974 GC heap after
{Heap after GC invocations=28 (full 0):
 garbage-first heap   total 116736K, used 49842K [0x0000000722600000, 0x0000000800000000)
  region size 2048K, 1 young (2048K), 1 survivors (2048K)
 Metaspace       used 25862K, capacity 26163K, committed 26368K, reserved 1073152K
  class space    used 2918K, capacity 3028K, committed 3072K, reserved 1048576K
}
Event: 5.298 GC heap before
{Heap before GC invocations=28 (full 0):
 garbage-first heap   total 116736K, used 66226K [0x0000000722600000, 0x0000000800000000)
  region size 2048K, 9 young (18432K), 1 survivors (2048K)
 Metaspace       used 25862K, capacity 26163K, committed 26368K, reserved 1073152K
  class space    used 2918K, capacity 3028K, committed 3072K, reserved 1048576K
}
Event: 5.303 GC heap after
{Heap after GC invocations=29 (full 0):
 garbage-first heap   total 159744K, used 66752K [0x0000000722600000, 0x0000000800000000)
  region size 2048K, 2 young (4096K), 2 survivors (4096K)
 Metaspace       used 25862K, capacity 26163K, committed 26368K, reserved 1073152K
  class space    used 2918K, capacity 3028K, committed 3072K, reserved 1048576K
}

