# JRE version: Java(TM) SE Runtime Environment (15.0.2+7) (build 15.0.2+7-27)
# Java VM: Java HotSpot(TM) 64-Bit Server VM (15.0.2+7-27, mixed mode, sharing, tiered, compressed oops, g1 gc, windows-amd64)
GC Precious Log:
 CPUs: 16 total, 16 available
 Memory: 32689M
 Large Page Support: Disabled
 NUMA Support: Disabled
 Compressed Oops: Enabled (Zero based)
 Heap Region Size: 4M
 Heap Min Capacity: 8M
 Heap Initial Capacity: 512M
 Heap Max Capacity: 8176M
 Pre-touch: Disabled
 Parallel Workers: 13
 Concurrent Workers: 3
 Concurrent Refinement Workers: 13
 Periodic GC: Disabled
Heap:
 garbage-first heap   total 204800K, used 76626K [0x0000000601000000, 0x0000000800000000)
  region size 4096K, 8 young (32768K), 1 survivors (4096K)
 Metaspace       used 26282K, capacity 26566K, committed 26880K, reserved 1073152K
  class space    used 2933K, capacity 3029K, committed 3072K, reserved 1048576K
GC Heap History (20 events):
Event: 1.802 GC heap before
{Heap before GC invocations=5 (full 0):
 garbage-first heap   total 45056K, used 22567K [0x0000000601000000, 0x0000000800000000)
  region size 4096K, 2 young (8192K), 1 survivors (4096K)
 Metaspace       used 23763K, capacity 24032K, committed 24192K, reserved 1071104K
  class space    used 2828K, capacity 2931K, committed 2944K, reserved 1048576K
}
Event: 1.804 GC heap after
{Heap after GC invocations=6 (full 0):
 garbage-first heap   total 45056K, used 23786K [0x0000000601000000, 0x0000000800000000)
  region size 4096K, 1 young (4096K), 1 survivors (4096K)
 Metaspace       used 23763K, capacity 24032K, committed 24192K, reserved 1071104K
  class space    used 2828K, capacity 2931K, committed 2944K, reserved 1048576K
}
Event: 1.805 GC heap before
{Heap before GC invocations=6 (full 0):
 garbage-first heap   total 45056K, used 27882K [0x0000000601000000, 0x0000000800000000)
  region size 4096K, 2 young (8192K), 1 survivors (4096K)
 Metaspace       used 23763K, capacity 24032K, committed 24192K, reserved 1071104K
  class space    used 2828K, capacity 2931K, committed 2944K, reserved 1048576K
}
Event: 1.806 GC heap after
{Heap after GC invocations=7 (full 0):
 garbage-first heap   total 45056K, used 28203K [0x0000000601000000, 0x0000000800000000)
  region size 4096K, 1 young (4096K), 1 survivors (4096K)
 Metaspace       used 23763K, capacity 24032K, committed 24192K, reserved 1071104K
  class space    used 2828K, capacity 2931K, committed 2944K, reserved 1048576K
}
Event: 1.807 GC heap before
{Heap before GC invocations=7 (full 0):
 garbage-first heap   total 45056K, used 32299K [0x0000000601000000, 0x0000000800000000)
  region size 4096K, 2 young (8192K), 1 survivors (4096K)
 Metaspace       used 23763K, capacity 24032K, committed 24192K, reserved 1071104K
  class space    used 2828K, capacity 2931K, committed 2944K, reserved 1048576K
}
Event: 1.808 GC heap after
{Heap after GC invocations=8 (full 0):
 garbage-first heap   total 45056K, used 32589K [0x0000000601000000, 0x0000000800000000)
  region size 4096K, 1 young (4096K), 1 survivors (4096K)
 Metaspace       used 23763K, capacity 24032K, committed 24192K, reserved 1071104K
  class space    used 2828K, capacity 2931K, committed 2944K, reserved 1048576K
}
Event: 2.099 GC heap before
{Heap before GC invocations=9 (full 0):
 garbage-first heap   total 69632K, used 36685K [0x0000000601000000, 0x0000000800000000)
  region size 4096K, 2 young (8192K), 1 survivors (4096K)
 Metaspace       used 23798K, capacity 24032K, committed 24192K, reserved 1071104K
  class space    used 2829K, capacity 2931K, committed 2944K, reserved 1048576K
}
Event: 2.100 GC heap after
{Heap after GC invocations=10 (full 0):
 garbage-first heap   total 69632K, used 37153K [0x0000000601000000, 0x0000000800000000)
  region size 4096K, 1 young (4096K), 1 survivors (4096K)
 Metaspace       used 23798K, capacity 24032K, committed 24192K, reserved 1071104K
  class space    used 2829K, capacity 2931K, committed 2944K, reserved 1048576K
}
Event: 2.154 GC heap before
{Heap before GC invocations=10 (full 0):
 garbage-first heap   total 69632K, used 41249K [0x0000000601000000, 0x0000000800000000)
  region size 4096K, 2 young (8192K), 1 survivors (4096K)
 Metaspace       used 23798K, capacity 24032K, committed 24192K, reserved 1071104K
  class space    used 2829K, capacity 2931K, committed 2944K, reserved 1048576K
}
Event: 2.155 GC heap after
{Heap after GC invocations=11 (full 0):
 garbage-first heap   total 69632K, used 41662K [0x0000000601000000, 0x0000000800000000)
  region size 4096K, 1 young (4096K), 1 survivors (4096K)
 Metaspace       used 23798K, capacity 24032K, committed 24192K, reserved 1071104K
  class space    used 2829K, capacity 2931K, committed 2944K, reserved 1048576K
}
Event: 2.257 GC heap before
{Heap before GC invocations=12 (full 0):
 garbage-first heap   total 81920K, used 45758K [0x0000000601000000, 0x0000000800000000)
  region size 4096K, 2 young (8192K), 1 survivors (4096K)
 Metaspace       used 23881K, capacity 24160K, committed 24448K, reserved 1071104K
  class space    used 2835K, capacity 2931K, committed 2944K, reserved 1048576K
}
Event: 2.259 GC heap after
{Heap after GC invocations=13 (full 0):
 garbage-first heap   total 81920K, used 46037K [0x0000000601000000, 0x0000000800000000)
  region size 4096K, 1 young (4096K), 1 survivors (4096K)
 Metaspace       used 23881K, capacity 24160K, committed 24448K, reserved 1071104K
  class space    used 2835K, capacity 2931K, committed 2944K, reserved 1048576K
}
Event: 2.276 GC heap before
{Heap before GC invocations=13 (full 0):
 garbage-first heap   total 81920K, used 50133K [0x0000000601000000, 0x0000000800000000)
  region size 4096K, 2 young (8192K), 1 survivors (4096K)
 Metaspace       used 23881K, capacity 24160K, committed 24448K, reserved 1071104K
  class space    used 2835K, capacity 2931K, committed 2944K, reserved 1048576K
}
Event: 2.277 GC heap after
{Heap after GC invocations=14 (full 0):
 garbage-first heap   total 81920K, used 50349K [0x0000000601000000, 0x0000000800000000)
  region size 4096K, 1 young (4096K), 1 survivors (4096K)
 Metaspace       used 23881K, capacity 24160K, committed 24448K, reserved 1071104K
  class space    used 2835K, capacity 2931K, committed 2944K, reserved 1048576K
}
Event: 2.278 GC heap before
{Heap before GC invocations=14 (full 0):
 garbage-first heap   total 81920K, used 54445K [0x0000000601000000, 0x0000000800000000)
  region size 4096K, 2 young (8192K), 1 survivors (4096K)
 Metaspace       used 23882K, capacity 24160K, committed 24448K, reserved 1071104K
  class space    used 2835K, capacity 2931K, committed 2944K, reserved 1048576K
}
Event: 2.280 GC heap after
{Heap after GC invocations=15 (full 0):
 garbage-first heap   total 303104K, used 54680K [0x0000000601000000, 0x0000000800000000)
  region size 4096K, 1 young (4096K), 1 survivors (4096K)
 Metaspace       used 23882K, capacity 24160K, committed 24448K, reserved 1071104K
  class space    used 2835K, capacity 2931K, committed 2944K, reserved 1048576K
}
Event: 3.047 GC heap before
{Heap before GC invocations=16 (full 0):
 garbage-first heap   total 204800K, used 107928K [0x0000000601000000, 0x0000000800000000)
  region size 4096K, 16 young (65536K), 1 survivors (4096K)
 Metaspace       used 25668K, capacity 25923K, committed 26112K, reserved 1073152K
  class space    used 2905K, capacity 2964K, committed 3072K, reserved 1048576K
}
Event: 3.051 GC heap after
{Heap after GC invocations=17 (full 0):
 garbage-first heap   total 204800K, used 65938K [0x0000000601000000, 0x0000000800000000)
  region size 4096K, 2 young (8192K), 2 survivors (8192K)
 Metaspace       used 25668K, capacity 25923K, committed 26112K, reserved 1073152K
  class space    used 2905K, capacity 2964K, committed 3072K, reserved 1048576K
}
Event: 3.063 GC heap before
{Heap before GC invocations=17 (full 0):
 garbage-first heap   total 204800K, used 70034K [0x0000000601000000, 0x0000000800000000)
  region size 4096K, 3 young (12288K), 2 survivors (8192K)
 Metaspace       used 25668K, capacity 25923K, committed 26112K, reserved 1073152K
  class space    used 2905K, capacity 2964K, committed 3072K, reserved 1048576K
}
Event: 3.066 GC heap after
{Heap after GC invocations=18 (full 0):
 garbage-first heap   total 204800K, used 52050K [0x0000000601000000, 0x0000000800000000)
  region size 4096K, 1 young (4096K), 1 survivors (4096K)
 Metaspace       used 25668K, capacity 25923K, committed 26112K, reserved 1073152K
  class space    used 2905K, capacity 2964K, committed 3072K, reserved 1048576K
}

