# JRE version: Java(TM) SE Runtime Environment (15.0.2+7) (build 15.0.2+7-27)
# Java VM: Java HotSpot(TM) 64-Bit Server VM (15.0.2+7-27, mixed mode, sharing, tiered, compressed oops, g1 gc, windows-amd64)
GC Precious Log:
 CPUs: 16 total, 16 available
 Memory: 32689M
 Large Page Support: Disabled
 NUMA Support: Disabled
 Compressed Oops: Enabled (Zero based)
 Heap Region Size: 4M
 Heap Min Capacity: 8M
 Heap Initial Capacity: 512M
 Heap Max Capacity: 8176M
 Pre-touch: Disabled
 Parallel Workers: 13
 Concurrent Workers: 3
 Concurrent Refinement Workers: 13
 Periodic GC: Disabled
Heap:
 garbage-first heap   total 1531904K, used 907544K [0x0000000601000000, 0x0000000800000000)
  region size 4096K, 5 young (20480K), 4 survivors (16384K)
 Metaspace       used 19886K, capacity 20142K, committed 20480K, reserved 1069056K
  class space    used 1692K, capacity 1740K, committed 1792K, reserved 1048576K
GC Heap History (20 events):
Event: 87084.244 GC heap before
{Heap before GC invocations=2115 (full 0):
 garbage-first heap   total 1511424K, used 1341422K [0x0000000601000000, 0x0000000800000000)
  region size 4096K, 112 young (458752K), 4 survivors (16384K)
 Metaspace       used 19886K, capacity 20142K, committed 20480K, reserved 1069056K
  class space    used 1692K, capacity 1740K, committed 1792K, reserved 1048576K
}
Event: 87084.255 GC heap after
{Heap after GC invocations=2116 (full 0):
 garbage-first heap   total 1511424K, used 899528K [0x0000000601000000, 0x0000000800000000)
  region size 4096K, 4 young (16384K), 4 survivors (16384K)
 Metaspace       used 19886K, capacity 20142K, committed 20480K, reserved 1069056K
  class space    used 1692K, capacity 1740K, committed 1792K, reserved 1048576K
}
Event: 87138.058 GC heap before
{Heap before GC invocations=2116 (full 0):
 garbage-first heap   total 1511424K, used 1337800K [0x0000000601000000, 0x0000000800000000)
  region size 4096K, 111 young (454656K), 4 survivors (16384K)
 Metaspace       used 19886K, capacity 20142K, committed 20480K, reserved 1069056K
  class space    used 1692K, capacity 1740K, committed 1792K, reserved 1048576K
}
Event: 87138.069 GC heap after
{Heap after GC invocations=2117 (full 0):
 garbage-first heap   total 1511424K, used 900612K [0x0000000601000000, 0x0000000800000000)
  region size 4096K, 4 young (16384K), 4 survivors (16384K)
 Metaspace       used 19886K, capacity 20142K, committed 20480K, reserved 1069056K
  class space    used 1692K, capacity 1740K, committed 1792K, reserved 1048576K
}
Event: 87192.114 GC heap before
{Heap before GC invocations=2118 (full 0):
 garbage-first heap   total 1515520K, used 1338884K [0x0000000601000000, 0x0000000800000000)
  region size 4096K, 111 young (454656K), 4 survivors (16384K)
 Metaspace       used 19886K, capacity 20142K, committed 20480K, reserved 1069056K
  class space    used 1692K, capacity 1740K, committed 1792K, reserved 1048576K
}
Event: 87192.126 GC heap after
{Heap after GC invocations=2119 (full 0):
 garbage-first heap   total 1515520K, used 901881K [0x0000000601000000, 0x0000000800000000)
  region size 4096K, 4 young (16384K), 4 survivors (16384K)
 Metaspace       used 19886K, capacity 20142K, committed 20480K, reserved 1069056K
  class space    used 1692K, capacity 1740K, committed 1792K, reserved 1048576K
}
Event: 87249.233 GC heap before
{Heap before GC invocations=2119 (full 0):
 garbage-first heap   total 1515520K, used 1344249K [0x0000000601000000, 0x0000000800000000)
  region size 4096K, 112 young (458752K), 4 survivors (16384K)
 Metaspace       used 19886K, capacity 20142K, committed 20480K, reserved 1069056K
  class space    used 1692K, capacity 1740K, committed 1792K, reserved 1048576K
}
Event: 87249.244 GC heap after
{Heap after GC invocations=2120 (full 0):
 garbage-first heap   total 1515520K, used 902528K [0x0000000601000000, 0x0000000800000000)
  region size 4096K, 4 young (16384K), 4 survivors (16384K)
 Metaspace       used 19886K, capacity 20142K, committed 20480K, reserved 1069056K
  class space    used 1692K, capacity 1740K, committed 1792K, reserved 1048576K
}
Event: 87306.537 GC heap before
{Heap before GC invocations=2121 (full 0):
 garbage-first heap   total 1515520K, used 1344896K [0x0000000601000000, 0x0000000800000000)
  region size 4096K, 112 young (458752K), 4 survivors (16384K)
 Metaspace       used 19886K, capacity 20142K, committed 20480K, reserved 1069056K
  class space    used 1692K, capacity 1740K, committed 1792K, reserved 1048576K
}
Event: 87306.548 GC heap after
{Heap after GC invocations=2122 (full 0):
 garbage-first heap   total 1515520K, used 903772K [0x0000000601000000, 0x0000000800000000)
  region size 4096K, 4 young (16384K), 4 survivors (16384K)
 Metaspace       used 19886K, capacity 20142K, committed 20480K, reserved 1069056K
  class space    used 1692K, capacity 1740K, committed 1792K, reserved 1048576K
}
Event: 87362.139 GC heap before
{Heap before GC invocations=2122 (full 0):
 garbage-first heap   total 1515520K, used 1346140K [0x0000000601000000, 0x0000000800000000)
  region size 4096K, 112 young (458752K), 4 survivors (16384K)
 Metaspace       used 19886K, capacity 20142K, committed 20480K, reserved 1069056K
  class space    used 1692K, capacity 1740K, committed 1792K, reserved 1048576K
}
Event: 87362.150 GC heap after
{Heap after GC invocations=2123 (full 0):
 garbage-first heap   total 1515520K, used 904027K [0x0000000601000000, 0x0000000800000000)
  region size 4096K, 4 young (16384K), 4 survivors (16384K)
 Metaspace       used 19886K, capacity 20142K, committed 20480K, reserved 1069056K
  class space    used 1692K, capacity 1740K, committed 1792K, reserved 1048576K
}
Event: 87417.191 GC heap before
{Heap before GC invocations=2124 (full 0):
 garbage-first heap   total 1523712K, used 1338203K [0x0000000601000000, 0x0000000800000000)
  region size 4096K, 110 young (450560K), 4 survivors (16384K)
 Metaspace       used 19886K, capacity 20142K, committed 20480K, reserved 1069056K
  class space    used 1692K, capacity 1740K, committed 1792K, reserved 1048576K
}
Event: 87417.201 GC heap after
{Heap after GC invocations=2125 (full 0):
 garbage-first heap   total 1523712K, used 904884K [0x0000000601000000, 0x0000000800000000)
  region size 4096K, 4 young (16384K), 4 survivors (16384K)
 Metaspace       used 19886K, capacity 20142K, committed 20480K, reserved 1069056K
  class space    used 1692K, capacity 1740K, committed 1792K, reserved 1048576K
}
Event: 87472.623 GC heap before
{Heap before GC invocations=2125 (full 0):
 garbage-first heap   total 1523712K, used 1347252K [0x0000000601000000, 0x0000000800000000)
  region size 4096K, 112 young (458752K), 4 survivors (16384K)
 Metaspace       used 19886K, capacity 20142K, committed 20480K, reserved 1069056K
  class space    used 1692K, capacity 1740K, committed 1792K, reserved 1048576K
}
Event: 87472.632 GC heap after
{Heap after GC invocations=2126 (full 0):
 garbage-first heap   total 1523712K, used 906175K [0x0000000601000000, 0x0000000800000000)
  region size 4096K, 4 young (16384K), 4 survivors (16384K)
 Metaspace       used 19886K, capacity 20142K, committed 20480K, reserved 1069056K
  class space    used 1692K, capacity 1740K, committed 1792K, reserved 1048576K
}
Event: 87527.528 GC heap before
{Heap before GC invocations=2127 (full 0):
 garbage-first heap   total 1523712K, used 1348543K [0x0000000601000000, 0x0000000800000000)
  region size 4096K, 112 young (458752K), 4 survivors (16384K)
 Metaspace       used 19886K, capacity 20142K, committed 20480K, reserved 1069056K
  class space    used 1692K, capacity 1740K, committed 1792K, reserved 1048576K
}
Event: 87527.538 GC heap after
{Heap after GC invocations=2128 (full 0):
 garbage-first heap   total 1523712K, used 906661K [0x0000000601000000, 0x0000000800000000)
  region size 4096K, 4 young (16384K), 4 survivors (16384K)
 Metaspace       used 19886K, capacity 20142K, committed 20480K, reserved 1069056K
  class space    used 1692K, capacity 1740K, committed 1792K, reserved 1048576K
}
Event: 87585.033 GC heap before
{Heap before GC invocations=2128 (full 0):
 garbage-first heap   total 1523712K, used 1349029K [0x0000000601000000, 0x0000000800000000)
  region size 4096K, 112 young (458752K), 4 survivors (16384K)
 Metaspace       used 19886K, capacity 20142K, committed 20480K, reserved 1069056K
  class space    used 1692K, capacity 1740K, committed 1792K, reserved 1048576K
}
Event: 87585.045 GC heap after
{Heap after GC invocations=2129 (full 0):
 garbage-first heap   total 1523712K, used 907544K [0x0000000601000000, 0x0000000800000000)
  region size 4096K, 4 young (16384K), 4 survivors (16384K)
 Metaspace       used 19886K, capacity 20142K, committed 20480K, reserved 1069056K
  class space    used 1692K, capacity 1740K, committed 1792K, reserved 1048576K
}

