# JRE version: Java(TM) SE Runtime Environment (15.0.2+7) (build 15.0.2+7-27)
# Java VM: Java HotSpot(TM) 64-Bit Server VM (15.0.2+7-27, mixed mode, sharing, tiered, compressed oops, g1 gc, windows-amd64)
GC Precious Log:
 CPUs: 16 total, 16 available
 Memory: 14181M
 Large Page Support: Disabled
 NUMA Support: Disabled
 Compressed Oops: Enabled (Zero based)
 Heap Region Size: 2M
 Heap Min Capacity: 8M
 Heap Initial Capacity: 222M
 Heap Max Capacity: 3546M
 Pre-touch: Disabled
 Parallel Workers: 13
 Concurrent Workers: 3
 Concurrent Refinement Workers: 13
 Periodic GC: Disabled
Heap:
 garbage-first heap   total 159744K, used 73578K [0x0000000722600000, 0x0000000800000000)
  region size 2048K, 4 young (8192K), 2 survivors (4096K)
 Metaspace       used 27323K, capacity 27610K, committed 27776K, reserved 1073152K
  class space    used 2988K, capacity 3079K, committed 3200K, reserved 1048576K
GC Heap History (20 events):
Event: 3.282 GC heap before
{Heap before GC invocations=16 (full 0):
 garbage-first heap   total 65536K, used 55584K [0x0000000722600000, 0x0000000800000000)
  region size 2048K, 3 young (6144K), 1 survivors (2048K)
 Metaspace       used 23962K, capacity 24224K, committed 24448K, reserved 1071104K
  class space    used 2835K, capacity 2931K, committed 2944K, reserved 1048576K
}
Event: 3.284 GC heap after
{Heap after GC invocations=17 (full 0):
 garbage-first heap   total 86016K, used 55833K [0x0000000722600000, 0x0000000800000000)
  region size 2048K, 1 young (2048K), 1 survivors (2048K)
 Metaspace       used 23962K, capacity 24224K, committed 24448K, reserved 1071104K
  class space    used 2835K, capacity 2931K, committed 2944K, reserved 1048576K
}
Event: 3.286 GC heap before
{Heap before GC invocations=17 (full 0):
 garbage-first heap   total 86016K, used 59929K [0x0000000722600000, 0x0000000800000000)
  region size 2048K, 3 young (6144K), 1 survivors (2048K)
 Metaspace       used 23962K, capacity 24224K, committed 24448K, reserved 1071104K
  class space    used 2835K, capacity 2931K, committed 2944K, reserved 1048576K
}
Event: 3.287 GC heap after
{Heap after GC invocations=18 (full 0):
 garbage-first heap   total 86016K, used 60220K [0x0000000722600000, 0x0000000800000000)
  region size 2048K, 1 young (2048K), 1 survivors (2048K)
 Metaspace       used 23962K, capacity 24224K, committed 24448K, reserved 1071104K
  class space    used 2835K, capacity 2931K, committed 2944K, reserved 1048576K
}
Event: 3.289 GC heap before
{Heap before GC invocations=18 (full 0):
 garbage-first heap   total 86016K, used 64316K [0x0000000722600000, 0x0000000800000000)
  region size 2048K, 3 young (6144K), 1 survivors (2048K)
 Metaspace       used 23962K, capacity 24224K, committed 24448K, reserved 1071104K
  class space    used 2835K, capacity 2931K, committed 2944K, reserved 1048576K
}
Event: 3.291 GC heap after
{Heap after GC invocations=19 (full 0):
 garbage-first heap   total 86016K, used 64591K [0x0000000722600000, 0x0000000800000000)
  region size 2048K, 1 young (2048K), 1 survivors (2048K)
 Metaspace       used 23962K, capacity 24224K, committed 24448K, reserved 1071104K
  class space    used 2835K, capacity 2931K, committed 2944K, reserved 1048576K
}
Event: 3.600 GC heap before
{Heap before GC invocations=20 (full 0):
 garbage-first heap   total 86016K, used 52303K [0x0000000722600000, 0x0000000800000000)
  region size 2048K, 3 young (6144K), 1 survivors (2048K)
 Metaspace       used 23962K, capacity 24224K, committed 24448K, reserved 1071104K
  class space    used 2835K, capacity 2931K, committed 2944K, reserved 1048576K
}
Event: 3.602 GC heap after
{Heap after GC invocations=21 (full 0):
 garbage-first heap   total 86016K, used 52574K [0x0000000722600000, 0x0000000800000000)
  region size 2048K, 1 young (2048K), 1 survivors (2048K)
 Metaspace       used 23962K, capacity 24224K, committed 24448K, reserved 1071104K
  class space    used 2835K, capacity 2931K, committed 2944K, reserved 1048576K
}
Event: 3.713 GC heap before
{Heap before GC invocations=21 (full 0):
 garbage-first heap   total 86016K, used 54622K [0x0000000722600000, 0x0000000800000000)
  region size 2048K, 3 young (6144K), 1 survivors (2048K)
 Metaspace       used 24285K, capacity 24544K, committed 24704K, reserved 1071104K
  class space    used 2846K, capacity 2931K, committed 2944K, reserved 1048576K
}
Event: 3.715 GC heap after
{Heap after GC invocations=22 (full 0):
 garbage-first heap   total 108544K, used 42353K [0x0000000722600000, 0x0000000800000000)
  region size 2048K, 1 young (2048K), 1 survivors (2048K)
 Metaspace       used 24285K, capacity 24544K, committed 24704K, reserved 1071104K
  class space    used 2846K, capacity 2931K, committed 2944K, reserved 1048576K
}
Event: 3.822 GC heap before
{Heap before GC invocations=22 (full 0):
 garbage-first heap   total 108544K, used 58737K [0x0000000722600000, 0x0000000800000000)
  region size 2048K, 9 young (18432K), 1 survivors (2048K)
 Metaspace       used 25763K, capacity 26019K, committed 26368K, reserved 1073152K
  class space    used 2911K, capacity 2996K, committed 3072K, reserved 1048576K
}
Event: 3.827 GC heap after
{Heap after GC invocations=23 (full 0):
 garbage-first heap   total 108544K, used 56296K [0x0000000722600000, 0x0000000800000000)
  region size 2048K, 2 young (4096K), 2 survivors (4096K)
 Metaspace       used 25763K, capacity 26019K, committed 26368K, reserved 1073152K
  class space    used 2911K, capacity 2996K, committed 3072K, reserved 1048576K
}
Event: 3.829 GC heap before
{Heap before GC invocations=23 (full 0):
 garbage-first heap   total 108544K, used 66536K [0x0000000722600000, 0x0000000800000000)
  region size 2048K, 7 young (14336K), 2 survivors (4096K)
 Metaspace       used 25763K, capacity 26019K, committed 26368K, reserved 1073152K
  class space    used 2911K, capacity 2996K, committed 3072K, reserved 1048576K
}
Event: 3.833 GC heap after
{Heap after GC invocations=24 (full 0):
 garbage-first heap   total 108544K, used 67132K [0x0000000722600000, 0x0000000800000000)
  region size 2048K, 1 young (2048K), 1 survivors (2048K)
 Metaspace       used 25763K, capacity 26019K, committed 26368K, reserved 1073152K
  class space    used 2911K, capacity 2996K, committed 3072K, reserved 1048576K
}
Event: 4.120 GC heap before
{Heap before GC invocations=25 (full 0):
 garbage-first heap   total 108544K, used 46652K [0x0000000722600000, 0x0000000800000000)
  region size 2048K, 4 young (8192K), 1 survivors (2048K)
 Metaspace       used 25765K, capacity 26019K, committed 26368K, reserved 1073152K
  class space    used 2911K, capacity 2996K, committed 3072K, reserved 1048576K
}
Event: 4.123 GC heap after
{Heap after GC invocations=26 (full 0):
 garbage-first heap   total 108544K, used 47076K [0x0000000722600000, 0x0000000800000000)
  region size 2048K, 1 young (2048K), 1 survivors (2048K)
 Metaspace       used 25765K, capacity 26019K, committed 26368K, reserved 1073152K
  class space    used 2911K, capacity 2996K, committed 3072K, reserved 1048576K
}
Event: 4.185 GC heap before
{Heap before GC invocations=26 (full 0):
 garbage-first heap   total 108544K, used 51172K [0x0000000722600000, 0x0000000800000000)
  region size 2048K, 3 young (6144K), 1 survivors (2048K)
 Metaspace       used 25765K, capacity 26019K, committed 26368K, reserved 1073152K
  class space    used 2911K, capacity 2996K, committed 3072K, reserved 1048576K
}
Event: 4.188 GC heap after
{Heap after GC invocations=27 (full 0):
 garbage-first heap   total 159744K, used 40508K [0x0000000722600000, 0x0000000800000000)
  region size 2048K, 1 young (2048K), 1 survivors (2048K)
 Metaspace       used 25765K, capacity 26019K, committed 26368K, reserved 1073152K
  class space    used 2911K, capacity 2996K, committed 3072K, reserved 1048576K
}
Event: 4.510 GC heap before
{Heap before GC invocations=27 (full 0):
 garbage-first heap   total 159744K, used 71228K [0x0000000722600000, 0x0000000800000000)
  region size 2048K, 16 young (32768K), 1 survivors (2048K)
 Metaspace       used 25765K, capacity 26019K, committed 26368K, reserved 1073152K
  class space    used 2911K, capacity 2996K, committed 3072K, reserved 1048576K
}
Event: 4.517 GC heap after
{Heap after GC invocations=28 (full 0):
 garbage-first heap   total 159744K, used 71530K [0x0000000722600000, 0x0000000800000000)
  region size 2048K, 2 young (4096K), 2 survivors (4096K)
 Metaspace       used 25765K, capacity 26019K, committed 26368K, reserved 1073152K
  class space    used 2911K, capacity 2996K, committed 3072K, reserved 1048576K
}

