# JRE version: Java(TM) SE Runtime Environment (15.0.2+7) (build 15.0.2+7-27)
# Java VM: Java HotSpot(TM) 64-Bit Server VM (15.0.2+7-27, mixed mode, sharing, tiered, compressed oops, g1 gc, windows-amd64)
GC Precious Log:
 CPUs: 16 total, 16 available
 Memory: 32689M
 Large Page Support: Disabled
 NUMA Support: Disabled
 Compressed Oops: Enabled (Zero based)
 Heap Region Size: 4M
 Heap Min Capacity: 8M
 Heap Initial Capacity: 512M
 Heap Max Capacity: 8176M
 Pre-touch: Disabled
 Parallel Workers: 13
 Concurrent Workers: 3
 Concurrent Refinement Workers: 13
 Periodic GC: Disabled
Heap:
 garbage-first heap   total 151552K, used 68291K [0x0000000601000000, 0x0000000800000000)
  region size 4096K, 4 young (16384K), 1 survivors (4096K)
 Metaspace       used 25766K, capacity 26019K, committed 26368K, reserved 1073152K
  class space    used 2911K, capacity 2996K, committed 3072K, reserved 1048576K
GC Heap History (20 events):
Event: 1.855 GC heap before
{Heap before GC invocations=5 (full 0):
 garbage-first heap   total 45056K, used 22016K [0x0000000601000000, 0x0000000800000000)
  region size 4096K, 2 young (8192K), 1 survivors (4096K)
 Metaspace       used 23816K, capacity 24096K, committed 24192K, reserved 1071104K
  class space    used 2828K, capacity 2931K, committed 2944K, reserved 1048576K
}
Event: 1.857 GC heap after
{Heap after GC invocations=6 (full 0):
 garbage-first heap   total 45056K, used 22767K [0x0000000601000000, 0x0000000800000000)
  region size 4096K, 1 young (4096K), 1 survivors (4096K)
 Metaspace       used 23816K, capacity 24096K, committed 24192K, reserved 1071104K
  class space    used 2828K, capacity 2931K, committed 2944K, reserved 1048576K
}
Event: 1.858 GC heap before
{Heap before GC invocations=6 (full 0):
 garbage-first heap   total 45056K, used 26863K [0x0000000601000000, 0x0000000800000000)
  region size 4096K, 2 young (8192K), 1 survivors (4096K)
 Metaspace       used 23816K, capacity 24096K, committed 24192K, reserved 1071104K
  class space    used 2828K, capacity 2931K, committed 2944K, reserved 1048576K
}
Event: 1.859 GC heap after
{Heap after GC invocations=7 (full 0):
 garbage-first heap   total 45056K, used 27398K [0x0000000601000000, 0x0000000800000000)
  region size 4096K, 1 young (4096K), 1 survivors (4096K)
 Metaspace       used 23816K, capacity 24096K, committed 24192K, reserved 1071104K
  class space    used 2828K, capacity 2931K, committed 2944K, reserved 1048576K
}
Event: 1.860 GC heap before
{Heap before GC invocations=7 (full 0):
 garbage-first heap   total 45056K, used 31494K [0x0000000601000000, 0x0000000800000000)
  region size 4096K, 2 young (8192K), 1 survivors (4096K)
 Metaspace       used 23816K, capacity 24096K, committed 24192K, reserved 1071104K
  class space    used 2828K, capacity 2931K, committed 2944K, reserved 1048576K
}
Event: 1.861 GC heap after
{Heap after GC invocations=8 (full 0):
 garbage-first heap   total 45056K, used 31963K [0x0000000601000000, 0x0000000800000000)
  region size 4096K, 1 young (4096K), 1 survivors (4096K)
 Metaspace       used 23816K, capacity 24096K, committed 24192K, reserved 1071104K
  class space    used 2828K, capacity 2931K, committed 2944K, reserved 1048576K
}
Event: 1.862 GC heap before
{Heap before GC invocations=8 (full 0):
 garbage-first heap   total 45056K, used 36059K [0x0000000601000000, 0x0000000800000000)
  region size 4096K, 2 young (8192K), 1 survivors (4096K)
 Metaspace       used 23816K, capacity 24096K, committed 24192K, reserved 1071104K
  class space    used 2828K, capacity 2931K, committed 2944K, reserved 1048576K
}
Event: 1.864 GC heap after
{Heap after GC invocations=9 (full 0):
 garbage-first heap   total 49152K, used 36292K [0x0000000601000000, 0x0000000800000000)
  region size 4096K, 1 young (4096K), 1 survivors (4096K)
 Metaspace       used 23816K, capacity 24096K, committed 24192K, reserved 1071104K
  class space    used 2828K, capacity 2931K, committed 2944K, reserved 1048576K
}
Event: 2.186 GC heap before
{Heap before GC invocations=10 (full 0):
 garbage-first heap   total 77824K, used 40388K [0x0000000601000000, 0x0000000800000000)
  region size 4096K, 2 young (8192K), 1 survivors (4096K)
 Metaspace       used 23844K, capacity 24160K, committed 24448K, reserved 1071104K
  class space    used 2829K, capacity 2931K, committed 2944K, reserved 1048576K
}
Event: 2.187 GC heap after
{Heap after GC invocations=11 (full 0):
 garbage-first heap   total 77824K, used 40983K [0x0000000601000000, 0x0000000800000000)
  region size 4096K, 1 young (4096K), 1 survivors (4096K)
 Metaspace       used 23844K, capacity 24160K, committed 24448K, reserved 1071104K
  class space    used 2829K, capacity 2931K, committed 2944K, reserved 1048576K
}
Event: 2.307 GC heap before
{Heap before GC invocations=11 (full 0):
 garbage-first heap   total 77824K, used 45079K [0x0000000601000000, 0x0000000800000000)
  region size 4096K, 2 young (8192K), 1 survivors (4096K)
 Metaspace       used 23928K, capacity 24224K, committed 24448K, reserved 1071104K
  class space    used 2835K, capacity 2931K, committed 2944K, reserved 1048576K
}
Event: 2.308 GC heap after
{Heap after GC invocations=12 (full 0):
 garbage-first heap   total 77824K, used 39562K [0x0000000601000000, 0x0000000800000000)
  region size 4096K, 1 young (4096K), 1 survivors (4096K)
 Metaspace       used 23928K, capacity 24224K, committed 24448K, reserved 1071104K
  class space    used 2835K, capacity 2931K, committed 2944K, reserved 1048576K
}
Event: 2.309 GC heap before
{Heap before GC invocations=12 (full 0):
 garbage-first heap   total 77824K, used 43658K [0x0000000601000000, 0x0000000800000000)
  region size 4096K, 2 young (8192K), 1 survivors (4096K)
 Metaspace       used 23928K, capacity 24224K, committed 24448K, reserved 1071104K
  class space    used 2835K, capacity 2931K, committed 2944K, reserved 1048576K
}
Event: 2.310 GC heap after
{Heap after GC invocations=13 (full 0):
 garbage-first heap   total 77824K, used 43390K [0x0000000601000000, 0x0000000800000000)
  region size 4096K, 1 young (4096K), 1 survivors (4096K)
 Metaspace       used 23928K, capacity 24224K, committed 24448K, reserved 1071104K
  class space    used 2835K, capacity 2931K, committed 2944K, reserved 1048576K
}
Event: 2.311 GC heap before
{Heap before GC invocations=13 (full 0):
 garbage-first heap   total 77824K, used 47486K [0x0000000601000000, 0x0000000800000000)
  region size 4096K, 2 young (8192K), 1 survivors (4096K)
 Metaspace       used 23928K, capacity 24224K, committed 24448K, reserved 1071104K
  class space    used 2835K, capacity 2931K, committed 2944K, reserved 1048576K
}
Event: 2.313 GC heap after
{Heap after GC invocations=14 (full 0):
 garbage-first heap   total 303104K, used 47811K [0x0000000601000000, 0x0000000800000000)
  region size 4096K, 1 young (4096K), 1 survivors (4096K)
 Metaspace       used 23928K, capacity 24224K, committed 24448K, reserved 1071104K
  class space    used 2835K, capacity 2931K, committed 2944K, reserved 1048576K
}
Event: 3.066 GC heap before
{Heap before GC invocations=15 (full 0):
 garbage-first heap   total 151552K, used 109251K [0x0000000601000000, 0x0000000800000000)
  region size 4096K, 20 young (81920K), 1 survivors (4096K)
 Metaspace       used 25758K, capacity 25987K, committed 26368K, reserved 1073152K
  class space    used 2910K, capacity 2964K, committed 3072K, reserved 1048576K
}
Event: 3.073 GC heap after
{Heap after GC invocations=16 (full 0):
 garbage-first heap   total 151552K, used 66389K [0x0000000601000000, 0x0000000800000000)
  region size 4096K, 3 young (12288K), 3 survivors (12288K)
 Metaspace       used 25758K, capacity 25987K, committed 26368K, reserved 1073152K
  class space    used 2910K, capacity 2964K, committed 3072K, reserved 1048576K
}
Event: 3.073 GC heap before
{Heap before GC invocations=16 (full 0):
 garbage-first heap   total 151552K, used 70485K [0x0000000601000000, 0x0000000800000000)
  region size 4096K, 4 young (16384K), 3 survivors (12288K)
 Metaspace       used 25758K, capacity 25987K, committed 26368K, reserved 1073152K
  class space    used 2910K, capacity 2964K, committed 3072K, reserved 1048576K
}
Event: 3.076 GC heap after
{Heap after GC invocations=17 (full 0):
 garbage-first heap   total 151552K, used 60099K [0x0000000601000000, 0x0000000800000000)
  region size 4096K, 1 young (4096K), 1 survivors (4096K)
 Metaspace       used 25758K, capacity 25987K, committed 26368K, reserved 1073152K
  class space    used 2910K, capacity 2964K, committed 3072K, reserved 1048576K
}

