# JRE version: Java(TM) SE Runtime Environment (15.0.2+7) (build 15.0.2+7-27)
# Java VM: Java HotSpot(TM) 64-Bit Server VM (15.0.2+7-27, mixed mode, sharing, tiered, compressed oops, g1 gc, windows-amd64)
GC Precious Log:
 CPUs: 16 total, 16 available
 Memory: 14181M
 Large Page Support: Disabled
 NUMA Support: Disabled
 Compressed Oops: Enabled (Zero based)
 Heap Region Size: 2M
 Heap Min Capacity: 8M
 Heap Initial Capacity: 222M
 Heap Max Capacity: 3546M
 Pre-touch: Disabled
 Parallel Workers: 13
 Concurrent Workers: 3
 Concurrent Refinement Workers: 13
 Periodic GC: Disabled
Heap:
 garbage-first heap   total 204800K, used 88650K [0x0000000722600000, 0x0000000800000000)
  region size 2048K, 14 young (28672K), 1 survivors (2048K)
 Metaspace       used 27982K, capacity 28266K, committed 28544K, reserved 1075200K
  class space    used 3000K, capacity 3085K, committed 3200K, reserved 1048576K
GC Heap History (20 events):
Event: 4.025 GC heap before
{Heap before GC invocations=16 (full 0):
 garbage-first heap   total 79872K, used 60473K [0x0000000722600000, 0x0000000800000000)
  region size 2048K, 2 young (4096K), 1 survivors (2048K)
 Metaspace       used 24290K, capacity 24560K, committed 24704K, reserved 1071104K
  class space    used 2841K, capacity 2937K, committed 2944K, reserved 1048576K
}
Event: 4.027 GC heap after
{Heap after GC invocations=17 (full 0):
 garbage-first heap   total 96256K, used 60591K [0x0000000722600000, 0x0000000800000000)
  region size 2048K, 1 young (2048K), 1 survivors (2048K)
 Metaspace       used 24290K, capacity 24560K, committed 24704K, reserved 1071104K
  class space    used 2841K, capacity 2937K, committed 2944K, reserved 1048576K
}
Event: 4.028 GC heap before
{Heap before GC invocations=17 (full 0):
 garbage-first heap   total 96256K, used 64687K [0x0000000722600000, 0x0000000800000000)
  region size 2048K, 3 young (6144K), 1 survivors (2048K)
 Metaspace       used 24290K, capacity 24560K, committed 24704K, reserved 1071104K
  class space    used 2841K, capacity 2937K, committed 2944K, reserved 1048576K
}
Event: 4.031 GC heap after
{Heap after GC invocations=18 (full 0):
 garbage-first heap   total 96256K, used 64714K [0x0000000722600000, 0x0000000800000000)
  region size 2048K, 1 young (2048K), 1 survivors (2048K)
 Metaspace       used 24290K, capacity 24560K, committed 24704K, reserved 1071104K
  class space    used 2841K, capacity 2937K, committed 2944K, reserved 1048576K
}
Event: 4.032 GC heap before
{Heap before GC invocations=18 (full 0):
 garbage-first heap   total 96256K, used 68810K [0x0000000722600000, 0x0000000800000000)
  region size 2048K, 3 young (6144K), 1 survivors (2048K)
 Metaspace       used 24290K, capacity 24560K, committed 24704K, reserved 1071104K
  class space    used 2841K, capacity 2937K, committed 2944K, reserved 1048576K
}
Event: 4.034 GC heap after
{Heap after GC invocations=19 (full 0):
 garbage-first heap   total 96256K, used 68996K [0x0000000722600000, 0x0000000800000000)
  region size 2048K, 1 young (2048K), 1 survivors (2048K)
 Metaspace       used 24290K, capacity 24560K, committed 24704K, reserved 1071104K
  class space    used 2841K, capacity 2937K, committed 2944K, reserved 1048576K
}
Event: 4.375 GC heap before
{Heap before GC invocations=20 (full 0):
 garbage-first heap   total 102400K, used 58756K [0x0000000722600000, 0x0000000800000000)
  region size 2048K, 3 young (6144K), 1 survivors (2048K)
 Metaspace       used 24290K, capacity 24560K, committed 24704K, reserved 1071104K
  class space    used 2841K, capacity 2937K, committed 2944K, reserved 1048576K
}
Event: 4.377 GC heap after
{Heap after GC invocations=21 (full 0):
 garbage-first heap   total 102400K, used 59003K [0x0000000722600000, 0x0000000800000000)
  region size 2048K, 1 young (2048K), 1 survivors (2048K)
 Metaspace       used 24290K, capacity 24560K, committed 24704K, reserved 1071104K
  class space    used 2841K, capacity 2937K, committed 2944K, reserved 1048576K
}
Event: 4.401 GC heap before
{Heap before GC invocations=21 (full 0):
 garbage-first heap   total 102400K, used 63099K [0x0000000722600000, 0x0000000800000000)
  region size 2048K, 3 young (6144K), 1 survivors (2048K)
 Metaspace       used 24290K, capacity 24560K, committed 24704K, reserved 1071104K
  class space    used 2841K, capacity 2937K, committed 2944K, reserved 1048576K
}
Event: 4.404 GC heap after
{Heap after GC invocations=22 (full 0):
 garbage-first heap   total 126976K, used 53016K [0x0000000722600000, 0x0000000800000000)
  region size 2048K, 1 young (2048K), 1 survivors (2048K)
 Metaspace       used 24290K, capacity 24560K, committed 24704K, reserved 1071104K
  class space    used 2841K, capacity 2937K, committed 2944K, reserved 1048576K
}
Event: 4.614 GC heap before
{Heap before GC invocations=22 (full 0):
 garbage-first heap   total 126976K, used 55064K [0x0000000722600000, 0x0000000800000000)
  region size 2048K, 3 young (6144K), 1 survivors (2048K)
 Metaspace       used 26131K, capacity 26387K, committed 26624K, reserved 1073152K
  class space    used 2923K, capacity 3034K, committed 3072K, reserved 1048576K
}
Event: 4.618 GC heap after
{Heap after GC invocations=23 (full 0):
 garbage-first heap   total 126976K, used 45145K [0x0000000722600000, 0x0000000800000000)
  region size 2048K, 1 young (2048K), 1 survivors (2048K)
 Metaspace       used 26131K, capacity 26387K, committed 26624K, reserved 1073152K
  class space    used 2923K, capacity 3034K, committed 3072K, reserved 1048576K
}
Event: 4.626 GC heap before
{Heap before GC invocations=23 (full 0):
 garbage-first heap   total 126976K, used 63577K [0x0000000722600000, 0x0000000800000000)
  region size 2048K, 10 young (20480K), 1 survivors (2048K)
 Metaspace       used 26131K, capacity 26387K, committed 26624K, reserved 1073152K
  class space    used 2923K, capacity 3034K, committed 3072K, reserved 1048576K
}
Event: 4.632 GC heap after
{Heap after GC invocations=24 (full 0):
 garbage-first heap   total 126976K, used 63819K [0x0000000722600000, 0x0000000800000000)
  region size 2048K, 2 young (4096K), 2 survivors (4096K)
 Metaspace       used 26131K, capacity 26387K, committed 26624K, reserved 1073152K
  class space    used 2923K, capacity 3034K, committed 3072K, reserved 1048576K
}
Event: 4.974 GC heap before
{Heap before GC invocations=24 (full 0):
 garbage-first heap   total 126976K, used 76107K [0x0000000722600000, 0x0000000800000000)
  region size 2048K, 8 young (16384K), 2 survivors (4096K)
 Metaspace       used 26133K, capacity 26387K, committed 26624K, reserved 1073152K
  class space    used 2923K, capacity 3034K, committed 3072K, reserved 1048576K
}
Event: 4.979 GC heap after
{Heap after GC invocations=25 (full 0):
 garbage-first heap   total 126976K, used 76425K [0x0000000722600000, 0x0000000800000000)
  region size 2048K, 1 young (2048K), 1 survivors (2048K)
 Metaspace       used 26133K, capacity 26387K, committed 26624K, reserved 1073152K
  class space    used 2923K, capacity 3034K, committed 3072K, reserved 1048576K
}
Event: 5.051 GC heap before
{Heap before GC invocations=26 (full 0):
 garbage-first heap   total 126976K, used 57993K [0x0000000722600000, 0x0000000800000000)
  region size 2048K, 5 young (10240K), 1 survivors (2048K)
 Metaspace       used 26133K, capacity 26387K, committed 26624K, reserved 1073152K
  class space    used 2923K, capacity 3034K, committed 3072K, reserved 1048576K
}
Event: 5.055 GC heap after
{Heap after GC invocations=27 (full 0):
 garbage-first heap   total 204800K, used 55528K [0x0000000722600000, 0x0000000800000000)
  region size 2048K, 1 young (2048K), 1 survivors (2048K)
 Metaspace       used 26133K, capacity 26387K, committed 26624K, reserved 1073152K
  class space    used 2923K, capacity 3034K, committed 3072K, reserved 1048576K
}
Event: 5.057 GC heap before
{Heap before GC invocations=27 (full 0):
 garbage-first heap   total 204800K, used 63720K [0x0000000722600000, 0x0000000800000000)
  region size 2048K, 5 young (10240K), 1 survivors (2048K)
 Metaspace       used 26133K, capacity 26387K, committed 26624K, reserved 1073152K
  class space    used 2923K, capacity 3034K, committed 3072K, reserved 1048576K
}
Event: 5.060 GC heap after
{Heap after GC invocations=28 (full 0):
 garbage-first heap   total 204800K, used 64074K [0x0000000722600000, 0x0000000800000000)
  region size 2048K, 1 young (2048K), 1 survivors (2048K)
 Metaspace       used 26133K, capacity 26387K, committed 26624K, reserved 1073152K
  class space    used 2923K, capacity 3034K, committed 3072K, reserved 1048576K
}

