# JRE version: Java(TM) SE Runtime Environment (15.0.2+7) (build 15.0.2+7-27)
# Java VM: Java HotSpot(TM) 64-Bit Server VM (15.0.2+7-27, mixed mode, sharing, tiered, compressed oops, g1 gc, windows-amd64)
GC Precious Log:
 CPUs: 16 total, 16 available
 Memory: 32689M
 Large Page Support: Disabled
 NUMA Support: Disabled
 Compressed Oops: Enabled (Zero based)
 Heap Region Size: 4M
 Heap Min Capacity: 8M
 Heap Initial Capacity: 512M
 Heap Max Capacity: 8176M
 Pre-touch: Disabled
 Parallel Workers: 13
 Concurrent Workers: 3
 Concurrent Refinement Workers: 13
 Periodic GC: Disabled
Heap:
 garbage-first heap   total 311296K, used 106621K [0x0000000601000000, 0x0000000800000000)
  region size 4096K, 18 young (73728K), 1 survivors (4096K)
 Metaspace       used 25712K, capacity 25923K, committed 26112K, reserved 1073152K
  class space    used 2911K, capacity 2964K, committed 3072K, reserved 1048576K
GC Heap History (20 events):
Event: 1.842 GC heap before
{Heap before GC invocations=4 (full 0):
 garbage-first heap   total 40960K, used 39600K [0x0000000601000000, 0x0000000800000000)
  region size 4096K, 9 young (36864K), 1 survivors (4096K)
 Metaspace       used 23765K, capacity 24032K, committed 24192K, reserved 1071104K
  class space    used 2828K, capacity 2931K, committed 2944K, reserved 1048576K
}
Event: 1.849 GC heap after
{Heap after GC invocations=5 (full 0):
 garbage-first heap   total 69632K, used 31045K [0x0000000601000000, 0x0000000800000000)
  region size 4096K, 2 young (8192K), 2 survivors (8192K)
 Metaspace       used 23765K, capacity 24032K, committed 24192K, reserved 1071104K
  class space    used 2828K, capacity 2931K, committed 2944K, reserved 1048576K
}
Event: 2.170 GC heap before
{Heap before GC invocations=5 (full 0):
 garbage-first heap   total 69632K, used 39237K [0x0000000601000000, 0x0000000800000000)
  region size 4096K, 4 young (16384K), 2 survivors (8192K)
 Metaspace       used 23802K, capacity 24032K, committed 24192K, reserved 1071104K
  class space    used 2829K, capacity 2931K, committed 2944K, reserved 1048576K
}
Event: 2.172 GC heap after
{Heap after GC invocations=6 (full 0):
 garbage-first heap   total 69632K, used 40769K [0x0000000601000000, 0x0000000800000000)
  region size 4096K, 1 young (4096K), 1 survivors (4096K)
 Metaspace       used 23802K, capacity 24032K, committed 24192K, reserved 1071104K
  class space    used 2829K, capacity 2931K, committed 2944K, reserved 1048576K
}
Event: 2.269 GC heap before
{Heap before GC invocations=6 (full 0):
 garbage-first heap   total 69632K, used 44865K [0x0000000601000000, 0x0000000800000000)
  region size 4096K, 2 young (8192K), 1 survivors (4096K)
 Metaspace       used 23886K, capacity 24160K, committed 24448K, reserved 1071104K
  class space    used 2835K, capacity 2931K, committed 2944K, reserved 1048576K
}
Event: 2.270 GC heap after
{Heap after GC invocations=7 (full 0):
 garbage-first heap   total 69632K, used 42732K [0x0000000601000000, 0x0000000800000000)
  region size 4096K, 1 young (4096K), 1 survivors (4096K)
 Metaspace       used 23886K, capacity 24160K, committed 24448K, reserved 1071104K
  class space    used 2835K, capacity 2931K, committed 2944K, reserved 1048576K
}
Event: 2.271 GC heap before
{Heap before GC invocations=7 (full 0):
 garbage-first heap   total 69632K, used 46828K [0x0000000601000000, 0x0000000800000000)
  region size 4096K, 2 young (8192K), 1 survivors (4096K)
 Metaspace       used 23886K, capacity 24160K, committed 24448K, reserved 1071104K
  class space    used 2835K, capacity 2931K, committed 2944K, reserved 1048576K
}
Event: 2.272 GC heap after
{Heap after GC invocations=8 (full 0):
 garbage-first heap   total 69632K, used 46973K [0x0000000601000000, 0x0000000800000000)
  region size 4096K, 1 young (4096K), 1 survivors (4096K)
 Metaspace       used 23886K, capacity 24160K, committed 24448K, reserved 1071104K
  class space    used 2835K, capacity 2931K, committed 2944K, reserved 1048576K
}
Event: 2.273 GC heap before
{Heap before GC invocations=8 (full 0):
 garbage-first heap   total 69632K, used 51069K [0x0000000601000000, 0x0000000800000000)
  region size 4096K, 2 young (8192K), 1 survivors (4096K)
 Metaspace       used 23886K, capacity 24160K, committed 24448K, reserved 1071104K
  class space    used 2835K, capacity 2931K, committed 2944K, reserved 1048576K
}
Event: 2.274 GC heap after
{Heap after GC invocations=9 (full 0):
 garbage-first heap   total 69632K, used 51379K [0x0000000601000000, 0x0000000800000000)
  region size 4096K, 1 young (4096K), 1 survivors (4096K)
 Metaspace       used 23886K, capacity 24160K, committed 24448K, reserved 1071104K
  class space    used 2835K, capacity 2931K, committed 2944K, reserved 1048576K
}
Event: 2.275 GC heap before
{Heap before GC invocations=9 (full 0):
 garbage-first heap   total 69632K, used 55475K [0x0000000601000000, 0x0000000800000000)
  region size 4096K, 2 young (8192K), 1 survivors (4096K)
 Metaspace       used 23886K, capacity 24160K, committed 24448K, reserved 1071104K
  class space    used 2835K, capacity 2931K, committed 2944K, reserved 1048576K
}
Event: 2.276 GC heap after
{Heap after GC invocations=10 (full 0):
 garbage-first heap   total 69632K, used 55938K [0x0000000601000000, 0x0000000800000000)
  region size 4096K, 1 young (4096K), 1 survivors (4096K)
 Metaspace       used 23886K, capacity 24160K, committed 24448K, reserved 1071104K
  class space    used 2835K, capacity 2931K, committed 2944K, reserved 1048576K
}
Event: 2.277 GC heap before
{Heap before GC invocations=10 (full 0):
 garbage-first heap   total 69632K, used 60034K [0x0000000601000000, 0x0000000800000000)
  region size 4096K, 2 young (8192K), 1 survivors (4096K)
 Metaspace       used 23886K, capacity 24160K, committed 24448K, reserved 1071104K
  class space    used 2835K, capacity 2931K, committed 2944K, reserved 1048576K
}
Event: 2.277 GC heap after
{Heap after GC invocations=11 (full 0):
 garbage-first heap   total 69632K, used 60429K [0x0000000601000000, 0x0000000800000000)
  region size 4096K, 1 young (4096K), 1 survivors (4096K)
 Metaspace       used 23886K, capacity 24160K, committed 24448K, reserved 1071104K
  class space    used 2835K, capacity 2931K, committed 2944K, reserved 1048576K
}
Event: 2.279 GC heap before
{Heap before GC invocations=11 (full 0):
 garbage-first heap   total 98304K, used 56333K [0x0000000601000000, 0x0000000800000000)
  region size 4096K, 2 young (8192K), 1 survivors (4096K)
 Metaspace       used 23886K, capacity 24160K, committed 24448K, reserved 1071104K
  class space    used 2835K, capacity 2931K, committed 2944K, reserved 1048576K
}
Event: 2.280 GC heap after
{Heap after GC invocations=12 (full 0):
 garbage-first heap   total 98304K, used 56730K [0x0000000601000000, 0x0000000800000000)
  region size 4096K, 1 young (4096K), 1 survivors (4096K)
 Metaspace       used 23886K, capacity 24160K, committed 24448K, reserved 1071104K
  class space    used 2835K, capacity 2931K, committed 2944K, reserved 1048576K
}
Event: 2.544 GC heap before
{Heap before GC invocations=13 (full 0):
 garbage-first heap   total 98304K, used 60826K [0x0000000601000000, 0x0000000800000000)
  region size 4096K, 2 young (8192K), 1 survivors (4096K)
 Metaspace       used 23886K, capacity 24224K, committed 24448K, reserved 1071104K
  class space    used 2835K, capacity 2931K, committed 2944K, reserved 1048576K
}
Event: 2.546 GC heap after
{Heap after GC invocations=14 (full 0):
 garbage-first heap   total 311296K, used 61322K [0x0000000601000000, 0x0000000800000000)
  region size 4096K, 1 young (4096K), 1 survivors (4096K)
 Metaspace       used 23886K, capacity 24224K, committed 24448K, reserved 1071104K
  class space    used 2835K, capacity 2931K, committed 2944K, reserved 1048576K
}
Event: 2.683 GC heap before
{Heap before GC invocations=14 (full 0):
 garbage-first heap   total 311296K, used 69514K [0x0000000601000000, 0x0000000800000000)
  region size 4096K, 3 young (12288K), 1 survivors (4096K)
 Metaspace       used 25384K, capacity 25664K, committed 25856K, reserved 1073152K
  class space    used 2885K, capacity 2963K, committed 3072K, reserved 1048576K
}
Event: 2.687 GC heap after
{Heap after GC invocations=15 (full 0):
 garbage-first heap   total 311296K, used 41085K [0x0000000601000000, 0x0000000800000000)
  region size 4096K, 1 young (4096K), 1 survivors (4096K)
 Metaspace       used 25384K, capacity 25664K, committed 25856K, reserved 1073152K
  class space    used 2885K, capacity 2963K, committed 3072K, reserved 1048576K
}

