# JRE version: Java(TM) SE Runtime Environment (15.0.2+7) (build 15.0.2+7-27)
# Java VM: Java HotSpot(TM) 64-Bit Server VM (15.0.2+7-27, mixed mode, sharing, tiered, compressed oops, g1 gc, windows-amd64)
GC Precious Log:
 CPUs: 16 total, 16 available
 Memory: 14181M
 Large Page Support: Disabled
 NUMA Support: Disabled
 Compressed Oops: Enabled (Zero based)
 Heap Region Size: 2M
 Heap Min Capacity: 8M
 Heap Initial Capacity: 222M
 Heap Max Capacity: 3546M
 Pre-touch: Disabled
 Parallel Workers: 13
 Concurrent Workers: 3
 Concurrent Refinement Workers: 13
 Periodic GC: Disabled
Heap:
 garbage-first heap   total 141312K, used 53627K [0x0000000722600000, 0x0000000800000000)
  region size 2048K, 3 young (6144K), 1 survivors (2048K)
 Metaspace       used 27801K, capacity 28120K, committed 28288K, reserved 1075200K
  class space    used 2979K, capacity 3077K, committed 3200K, reserved 1048576K
GC Heap History (20 events):
Event: 3.294 GC heap before
{Heap before GC invocations=9 (full 0):
 garbage-first heap   total 81920K, used 52770K [0x0000000722600000, 0x0000000800000000)
  region size 2048K, 4 young (8192K), 1 survivors (2048K)
 Metaspace       used 23979K, capacity 24254K, committed 24448K, reserved 1071104K
  class space    used 2818K, capacity 2897K, committed 2944K, reserved 1048576K
}
Event: 3.297 GC heap after
{Heap after GC invocations=10 (full 0):
 garbage-first heap   total 81920K, used 52773K [0x0000000722600000, 0x0000000800000000)
  region size 2048K, 1 young (2048K), 1 survivors (2048K)
 Metaspace       used 23979K, capacity 24254K, committed 24448K, reserved 1071104K
  class space    used 2818K, capacity 2897K, committed 2944K, reserved 1048576K
}
Event: 3.299 GC heap before
{Heap before GC invocations=10 (full 0):
 garbage-first heap   total 81920K, used 56869K [0x0000000722600000, 0x0000000800000000)
  region size 2048K, 3 young (6144K), 1 survivors (2048K)
 Metaspace       used 23979K, capacity 24254K, committed 24448K, reserved 1071104K
  class space    used 2818K, capacity 2897K, committed 2944K, reserved 1048576K
}
Event: 3.301 GC heap after
{Heap after GC invocations=11 (full 0):
 garbage-first heap   total 81920K, used 57285K [0x0000000722600000, 0x0000000800000000)
  region size 2048K, 1 young (2048K), 1 survivors (2048K)
 Metaspace       used 23979K, capacity 24254K, committed 24448K, reserved 1071104K
  class space    used 2818K, capacity 2897K, committed 2944K, reserved 1048576K
}
Event: 3.301 GC heap before
{Heap before GC invocations=11 (full 0):
 garbage-first heap   total 81920K, used 59333K [0x0000000722600000, 0x0000000800000000)
  region size 2048K, 2 young (4096K), 1 survivors (2048K)
 Metaspace       used 23979K, capacity 24254K, committed 24448K, reserved 1071104K
  class space    used 2818K, capacity 2897K, committed 2944K, reserved 1048576K
}
Event: 3.303 GC heap after
{Heap after GC invocations=12 (full 0):
 garbage-first heap   total 81920K, used 59692K [0x0000000722600000, 0x0000000800000000)
  region size 2048K, 1 young (2048K), 1 survivors (2048K)
 Metaspace       used 23979K, capacity 24254K, committed 24448K, reserved 1071104K
  class space    used 2818K, capacity 2897K, committed 2944K, reserved 1048576K
}
Event: 3.304 GC heap before
{Heap before GC invocations=12 (full 0):
 garbage-first heap   total 81920K, used 63788K [0x0000000722600000, 0x0000000800000000)
  region size 2048K, 3 young (6144K), 1 survivors (2048K)
 Metaspace       used 23979K, capacity 24254K, committed 24448K, reserved 1071104K
  class space    used 2818K, capacity 2897K, committed 2944K, reserved 1048576K
}
Event: 3.306 GC heap after
{Heap after GC invocations=13 (full 0):
 garbage-first heap   total 81920K, used 64030K [0x0000000722600000, 0x0000000800000000)
  region size 2048K, 1 young (2048K), 1 survivors (2048K)
 Metaspace       used 23979K, capacity 24254K, committed 24448K, reserved 1071104K
  class space    used 2818K, capacity 2897K, committed 2944K, reserved 1048576K
}
Event: 3.307 GC heap before
{Heap before GC invocations=13 (full 0):
 garbage-first heap   total 81920K, used 68126K [0x0000000722600000, 0x0000000800000000)
  region size 2048K, 3 young (6144K), 1 survivors (2048K)
 Metaspace       used 23979K, capacity 24254K, committed 24448K, reserved 1071104K
  class space    used 2818K, capacity 2897K, committed 2944K, reserved 1048576K
}
Event: 3.309 GC heap after
{Heap after GC invocations=14 (full 0):
 garbage-first heap   total 98304K, used 68452K [0x0000000722600000, 0x0000000800000000)
  region size 2048K, 1 young (2048K), 1 survivors (2048K)
 Metaspace       used 23979K, capacity 24254K, committed 24448K, reserved 1071104K
  class space    used 2818K, capacity 2897K, committed 2944K, reserved 1048576K
}
Event: 3.310 GC heap before
{Heap before GC invocations=14 (full 0):
 garbage-first heap   total 98304K, used 72548K [0x0000000722600000, 0x0000000800000000)
  region size 2048K, 3 young (6144K), 1 survivors (2048K)
 Metaspace       used 23979K, capacity 24254K, committed 24448K, reserved 1071104K
  class space    used 2818K, capacity 2897K, committed 2944K, reserved 1048576K
}
Event: 3.313 GC heap after
{Heap after GC invocations=15 (full 0):
 garbage-first heap   total 98304K, used 73029K [0x0000000722600000, 0x0000000800000000)
  region size 2048K, 1 young (2048K), 1 survivors (2048K)
 Metaspace       used 23979K, capacity 24254K, committed 24448K, reserved 1071104K
  class space    used 2818K, capacity 2897K, committed 2944K, reserved 1048576K
}
Event: 3.314 GC heap before
{Heap before GC invocations=15 (full 0):
 garbage-first heap   total 98304K, used 77125K [0x0000000722600000, 0x0000000800000000)
  region size 2048K, 3 young (6144K), 1 survivors (2048K)
 Metaspace       used 23979K, capacity 24254K, committed 24448K, reserved 1071104K
  class space    used 2818K, capacity 2897K, committed 2944K, reserved 1048576K
}
Event: 3.317 GC heap after
{Heap after GC invocations=16 (full 0):
 garbage-first heap   total 98304K, used 77476K [0x0000000722600000, 0x0000000800000000)
  region size 2048K, 1 young (2048K), 1 survivors (2048K)
 Metaspace       used 23979K, capacity 24254K, committed 24448K, reserved 1071104K
  class space    used 2818K, capacity 2897K, committed 2944K, reserved 1048576K
}
Event: 3.616 GC heap before
{Heap before GC invocations=17 (full 0):
 garbage-first heap   total 116736K, used 69284K [0x0000000722600000, 0x0000000800000000)
  region size 2048K, 3 young (6144K), 1 survivors (2048K)
 Metaspace       used 23979K, capacity 24254K, committed 24448K, reserved 1071104K
  class space    used 2818K, capacity 2897K, committed 2944K, reserved 1048576K
}
Event: 3.618 GC heap after
{Heap after GC invocations=18 (full 0):
 garbage-first heap   total 116736K, used 69760K [0x0000000722600000, 0x0000000800000000)
  region size 2048K, 1 young (2048K), 1 survivors (2048K)
 Metaspace       used 23979K, capacity 24254K, committed 24448K, reserved 1071104K
  class space    used 2818K, capacity 2897K, committed 2944K, reserved 1048576K
}
Event: 3.702 GC heap before
{Heap before GC invocations=18 (full 0):
 garbage-first heap   total 116736K, used 73856K [0x0000000722600000, 0x0000000800000000)
  region size 2048K, 3 young (6144K), 1 survivors (2048K)
 Metaspace       used 24154K, capacity 24446K, committed 24704K, reserved 1071104K
  class space    used 2825K, capacity 2897K, committed 2944K, reserved 1048576K
}
Event: 3.704 GC heap after
{Heap after GC invocations=19 (full 0):
 garbage-first heap   total 141312K, used 57764K [0x0000000722600000, 0x0000000800000000)
  region size 2048K, 1 young (2048K), 1 survivors (2048K)
 Metaspace       used 24154K, capacity 24446K, committed 24704K, reserved 1071104K
  class space    used 2825K, capacity 2897K, committed 2944K, reserved 1048576K
}
Event: 3.837 GC heap before
{Heap before GC invocations=19 (full 0):
 garbage-first heap   total 141312K, used 61860K [0x0000000722600000, 0x0000000800000000)
  region size 2048K, 3 young (6144K), 1 survivors (2048K)
 Metaspace       used 26662K, capacity 26947K, committed 27136K, reserved 1073152K
  class space    used 2938K, capacity 3006K, committed 3072K, reserved 1048576K
}
Event: 3.841 GC heap after
{Heap after GC invocations=20 (full 0):
 garbage-first heap   total 141312K, used 51579K [0x0000000722600000, 0x0000000800000000)
  region size 2048K, 1 young (2048K), 1 survivors (2048K)
 Metaspace       used 26662K, capacity 26947K, committed 27136K, reserved 1073152K
  class space    used 2938K, capacity 3006K, committed 3072K, reserved 1048576K
}

