# JRE version: Java(TM) SE Runtime Environment (15.0.2+7) (build 15.0.2+7-27)
# Java VM: Java HotSpot(TM) 64-Bit Server VM (15.0.2+7-27, mixed mode, sharing, tiered, compressed oops, g1 gc, windows-amd64)
GC Precious Log:
 CPUs: 16 total, 16 available
 Memory: 14181M
 Large Page Support: Disabled
 NUMA Support: Disabled
 Compressed Oops: Enabled (Zero based)
 Heap Region Size: 2M
 Heap Min Capacity: 8M
 Heap Initial Capacity: 222M
 Heap Max Capacity: 3546M
 Pre-touch: Disabled
 Parallel Workers: 13
 Concurrent Workers: 3
 Concurrent Refinement Workers: 13
 Periodic GC: Disabled
Heap:
 garbage-first heap   total 49152K, used 25416K [0x0000000722600000, 0x0000000800000000)
  region size 2048K, 11 young (22528K), 2 survivors (4096K)
 Metaspace       used 25720K, capacity 26023K, committed 26368K, reserved 1073152K
  class space    used 2876K, capacity 2956K, committed 3072K, reserved 1048576K
GC Heap History (6 events):
Event: 2.369 GC heap before
{Heap before GC invocations=0 (full 0):
 garbage-first heap   total 227328K, used 20480K [0x0000000722600000, 0x0000000800000000)
  region size 2048K, 11 young (22528K), 0 survivors (0K)
 Metaspace       used 7960K, capacity 8148K, committed 8320K, reserved 1056768K
  class space    used 757K, capacity 813K, committed 896K, reserved 1048576K
}
Event: 2.374 GC heap after
{Heap after GC invocations=1 (full 0):
 garbage-first heap   total 227328K, used 5325K [0x0000000722600000, 0x0000000800000000)
  region size 2048K, 2 young (4096K), 2 survivors (4096K)
 Metaspace       used 7960K, capacity 8148K, committed 8320K, reserved 1056768K
  class space    used 757K, capacity 813K, committed 896K, reserved 1048576K
}
Event: 3.682 GC heap before
{Heap before GC invocations=1 (full 0):
 garbage-first heap   total 227328K, used 31949K [0x0000000722600000, 0x0000000800000000)
  region size 2048K, 15 young (30720K), 2 survivors (4096K)
 Metaspace       used 13239K, capacity 13392K, committed 13824K, reserved 1062912K
  class space    used 1130K, capacity 1181K, committed 1280K, reserved 1048576K
}
Event: 3.686 GC heap after
{Heap after GC invocations=2 (full 0):
 garbage-first heap   total 227328K, used 7117K [0x0000000722600000, 0x0000000800000000)
  region size 2048K, 1 young (2048K), 1 survivors (2048K)
 Metaspace       used 13239K, capacity 13392K, committed 13824K, reserved 1062912K
  class space    used 1130K, capacity 1181K, committed 1280K, reserved 1048576K
}
Event: 4.277 GC heap before
{Heap before GC invocations=2 (full 0):
 garbage-first heap   total 227328K, used 56269K [0x0000000722600000, 0x0000000800000000)
  region size 2048K, 26 young (53248K), 1 survivors (2048K)
 Metaspace       used 20811K, capacity 21003K, committed 21248K, reserved 1069056K
  class space    used 2371K, capacity 2437K, committed 2560K, reserved 1048576K
}
Event: 4.280 GC heap after
{Heap after GC invocations=3 (full 0):
 garbage-first heap   total 227328K, used 9032K [0x0000000722600000, 0x0000000800000000)
  region size 2048K, 2 young (4096K), 2 survivors (4096K)
 Metaspace       used 20811K, capacity 21003K, committed 21248K, reserved 1069056K
  class space    used 2371K, capacity 2437K, committed 2560K, reserved 1048576K
}

