# JRE version: Java(TM) SE Runtime Environment (15.0.2+7) (build 15.0.2+7-27)
# Java VM: Java HotSpot(TM) 64-Bit Server VM (15.0.2+7-27, mixed mode, sharing, tiered, compressed oops, g1 gc, windows-amd64)
GC Precious Log:
 CPUs: 16 total, 16 available
 Memory: 32689M
 Large Page Support: Disabled
 NUMA Support: Disabled
 Compressed Oops: Enabled (Zero based)
 Heap Region Size: 4M
 Heap Min Capacity: 8M
 Heap Initial Capacity: 512M
 Heap Max Capacity: 8176M
 Pre-touch: Disabled
 Parallel Workers: 13
 Concurrent Workers: 3
 Concurrent Refinement Workers: 13
 Periodic GC: Disabled
Heap:
 garbage-first heap   total 151552K, used 69009K [0x0000000601000000, 0x0000000800000000)
  region size 4096K, 4 young (16384K), 1 survivors (4096K)
 Metaspace       used 25733K, capacity 26019K, committed 26368K, reserved 1073152K
  class space    used 2911K, capacity 2996K, committed 3072K, reserved 1048576K
GC Heap History (20 events):
Event: 1.888 GC heap before
{Heap before GC invocations=5 (full 0):
 garbage-first heap   total 45056K, used 21819K [0x0000000601000000, 0x0000000800000000)
  region size 4096K, 2 young (8192K), 1 survivors (4096K)
 Metaspace       used 23815K, capacity 24160K, committed 24448K, reserved 1071104K
  class space    used 2828K, capacity 2931K, committed 2944K, reserved 1048576K
}
Event: 1.889 GC heap after
{Heap after GC invocations=6 (full 0):
 garbage-first heap   total 45056K, used 22626K [0x0000000601000000, 0x0000000800000000)
  region size 4096K, 1 young (4096K), 1 survivors (4096K)
 Metaspace       used 23815K, capacity 24160K, committed 24448K, reserved 1071104K
  class space    used 2828K, capacity 2931K, committed 2944K, reserved 1048576K
}
Event: 1.890 GC heap before
{Heap before GC invocations=6 (full 0):
 garbage-first heap   total 45056K, used 26722K [0x0000000601000000, 0x0000000800000000)
  region size 4096K, 2 young (8192K), 1 survivors (4096K)
 Metaspace       used 23815K, capacity 24160K, committed 24448K, reserved 1071104K
  class space    used 2828K, capacity 2931K, committed 2944K, reserved 1048576K
}
Event: 1.892 GC heap after
{Heap after GC invocations=7 (full 0):
 garbage-first heap   total 45056K, used 27341K [0x0000000601000000, 0x0000000800000000)
  region size 4096K, 1 young (4096K), 1 survivors (4096K)
 Metaspace       used 23815K, capacity 24160K, committed 24448K, reserved 1071104K
  class space    used 2828K, capacity 2931K, committed 2944K, reserved 1048576K
}
Event: 1.893 GC heap before
{Heap before GC invocations=7 (full 0):
 garbage-first heap   total 45056K, used 31437K [0x0000000601000000, 0x0000000800000000)
  region size 4096K, 2 young (8192K), 1 survivors (4096K)
 Metaspace       used 23815K, capacity 24160K, committed 24448K, reserved 1071104K
  class space    used 2828K, capacity 2931K, committed 2944K, reserved 1048576K
}
Event: 1.894 GC heap after
{Heap after GC invocations=8 (full 0):
 garbage-first heap   total 45056K, used 31506K [0x0000000601000000, 0x0000000800000000)
  region size 4096K, 1 young (4096K), 1 survivors (4096K)
 Metaspace       used 23815K, capacity 24160K, committed 24448K, reserved 1071104K
  class space    used 2828K, capacity 2931K, committed 2944K, reserved 1048576K
}
Event: 1.895 GC heap before
{Heap before GC invocations=8 (full 0):
 garbage-first heap   total 45056K, used 35602K [0x0000000601000000, 0x0000000800000000)
  region size 4096K, 2 young (8192K), 1 survivors (4096K)
 Metaspace       used 23815K, capacity 24160K, committed 24448K, reserved 1071104K
  class space    used 2828K, capacity 2931K, committed 2944K, reserved 1048576K
}
Event: 1.896 GC heap after
{Heap after GC invocations=9 (full 0):
 garbage-first heap   total 45056K, used 36115K [0x0000000601000000, 0x0000000800000000)
  region size 4096K, 1 young (4096K), 1 survivors (4096K)
 Metaspace       used 23815K, capacity 24160K, committed 24448K, reserved 1071104K
  class space    used 2828K, capacity 2931K, committed 2944K, reserved 1048576K
}
Event: 2.207 GC heap before
{Heap before GC invocations=10 (full 0):
 garbage-first heap   total 69632K, used 40211K [0x0000000601000000, 0x0000000800000000)
  region size 4096K, 2 young (8192K), 1 survivors (4096K)
 Metaspace       used 23843K, capacity 24160K, committed 24448K, reserved 1071104K
  class space    used 2830K, capacity 2931K, committed 2944K, reserved 1048576K
}
Event: 2.208 GC heap after
{Heap after GC invocations=11 (full 0):
 garbage-first heap   total 69632K, used 40367K [0x0000000601000000, 0x0000000800000000)
  region size 4096K, 1 young (4096K), 1 survivors (4096K)
 Metaspace       used 23843K, capacity 24160K, committed 24448K, reserved 1071104K
  class space    used 2830K, capacity 2931K, committed 2944K, reserved 1048576K
}
Event: 2.327 GC heap before
{Heap before GC invocations=11 (full 0):
 garbage-first heap   total 69632K, used 44463K [0x0000000601000000, 0x0000000800000000)
  region size 4096K, 2 young (8192K), 1 survivors (4096K)
 Metaspace       used 23926K, capacity 24224K, committed 24448K, reserved 1071104K
  class space    used 2835K, capacity 2931K, committed 2944K, reserved 1048576K
}
Event: 2.328 GC heap after
{Heap after GC invocations=12 (full 0):
 garbage-first heap   total 69632K, used 38874K [0x0000000601000000, 0x0000000800000000)
  region size 4096K, 1 young (4096K), 1 survivors (4096K)
 Metaspace       used 23926K, capacity 24224K, committed 24448K, reserved 1071104K
  class space    used 2835K, capacity 2931K, committed 2944K, reserved 1048576K
}
Event: 2.329 GC heap before
{Heap before GC invocations=12 (full 0):
 garbage-first heap   total 69632K, used 42970K [0x0000000601000000, 0x0000000800000000)
  region size 4096K, 2 young (8192K), 1 survivors (4096K)
 Metaspace       used 23926K, capacity 24224K, committed 24448K, reserved 1071104K
  class space    used 2835K, capacity 2931K, committed 2944K, reserved 1048576K
}
Event: 2.330 GC heap after
{Heap after GC invocations=13 (full 0):
 garbage-first heap   total 69632K, used 42726K [0x0000000601000000, 0x0000000800000000)
  region size 4096K, 1 young (4096K), 1 survivors (4096K)
 Metaspace       used 23926K, capacity 24224K, committed 24448K, reserved 1071104K
  class space    used 2835K, capacity 2931K, committed 2944K, reserved 1048576K
}
Event: 2.331 GC heap before
{Heap before GC invocations=13 (full 0):
 garbage-first heap   total 69632K, used 46822K [0x0000000601000000, 0x0000000800000000)
  region size 4096K, 2 young (8192K), 1 survivors (4096K)
 Metaspace       used 23926K, capacity 24224K, committed 24448K, reserved 1071104K
  class space    used 2835K, capacity 2931K, committed 2944K, reserved 1048576K
}
Event: 2.333 GC heap after
{Heap after GC invocations=14 (full 0):
 garbage-first heap   total 299008K, used 47106K [0x0000000601000000, 0x0000000800000000)
  region size 4096K, 1 young (4096K), 1 survivors (4096K)
 Metaspace       used 23926K, capacity 24224K, committed 24448K, reserved 1071104K
  class space    used 2835K, capacity 2931K, committed 2944K, reserved 1048576K
}
Event: 3.068 GC heap before
{Heap before GC invocations=15 (full 0):
 garbage-first heap   total 151552K, used 108546K [0x0000000601000000, 0x0000000800000000)
  region size 4096K, 20 young (81920K), 1 survivors (4096K)
 Metaspace       used 25698K, capacity 25987K, committed 26368K, reserved 1073152K
  class space    used 2908K, capacity 2964K, committed 3072K, reserved 1048576K
}
Event: 3.075 GC heap after
{Heap after GC invocations=16 (full 0):
 garbage-first heap   total 151552K, used 66740K [0x0000000601000000, 0x0000000800000000)
  region size 4096K, 3 young (12288K), 3 survivors (12288K)
 Metaspace       used 25698K, capacity 25987K, committed 26368K, reserved 1073152K
  class space    used 2908K, capacity 2964K, committed 3072K, reserved 1048576K
}
Event: 3.076 GC heap before
{Heap before GC invocations=16 (full 0):
 garbage-first heap   total 151552K, used 70836K [0x0000000601000000, 0x0000000800000000)
  region size 4096K, 4 young (16384K), 3 survivors (12288K)
 Metaspace       used 25698K, capacity 25987K, committed 26368K, reserved 1073152K
  class space    used 2908K, capacity 2964K, committed 3072K, reserved 1048576K
}
Event: 3.079 GC heap after
{Heap after GC invocations=17 (full 0):
 garbage-first heap   total 151552K, used 60817K [0x0000000601000000, 0x0000000800000000)
  region size 4096K, 1 young (4096K), 1 survivors (4096K)
 Metaspace       used 25698K, capacity 25987K, committed 26368K, reserved 1073152K
  class space    used 2908K, capacity 2964K, committed 3072K, reserved 1048576K
}

